This is pdfTeX, Version 3.141592653-2.6-1.40.24 (TeX Live 2022/Debian) (preloaded format=pdflatex 2024.12.11)  17 DEC 2024 19:07
entering extended mode
 \write18 enabled.
 %&-line parsing enabled.
**note.tex
(./note.tex
LaTeX2e <2022-11-01> patch level 1
L3 programming layer <2023-01-16> (./preamble.tex
(/usr/share/texlive/texmf-dist/tex/latex/extsizes/extreport.cls
Document Class: extreport 1996/10/08 v1.0 Non Standard LaTeX document class
(/usr/share/texlive/texmf-dist/tex/latex/extsizes/size14.clo
File: size14.clo 1999/11/11 v1.4a NON-Standard LaTeX file (size option)
)
(/usr/share/texlive/texmf-dist/tex/latex/base/exscale.sty
Package: exscale 2018/09/24 v2.1i Standard LaTeX package exscale
LaTeX Font Info:    Redeclaring symbol font `largesymbols' on input line 57.
LaTeX Font Info:    Overwriting symbol font `largesymbols' in version `normal'
(Font)                  OMX/cmex/m/n --> OMX/cmex/m/n on input line 57.
LaTeX Font Info:    Overwriting symbol font `largesymbols' in version `bold'
(Font)                  OMX/cmex/m/n --> OMX/cmex/m/n on input line 57.
\big@size=\dimen140
)
\c@part=\count185
\c@chapter=\count186
\c@section=\count187
\c@subsection=\count188
\c@subsubsection=\count189
\c@paragraph=\count190
\c@subparagraph=\count191
\c@figure=\count192
\c@table=\count193
\abovecaptionskip=\skip48
\belowcaptionskip=\skip49
\bibindent=\dimen141
) (./fonts_linux.tex
(/usr/share/texlive/texmf-dist/tex/latex/base/fontenc.sty
Package: fontenc 2021/04/29 v2.0v Standard LaTeX package

(/usr/share/texlive/texmf-dist/tex/latex/cyrillic/t2aenc.def
File: t2aenc.def 2022/06/11 v1.0j Cyrillic encoding definition file
Now handling font encoding T2A ...
... processing UTF-8 mapping file for font encoding T2A

(/usr/share/texlive/texmf-dist/tex/latex/base/t2aenc.dfu
File: t2aenc.dfu 2022/06/07 v1.3c UTF-8 support
   defining Unicode char U+00A4 (decimal 164)
   defining Unicode char U+00A7 (decimal 167)
   defining Unicode char U+00AB (decimal 171)
   defining Unicode char U+00BB (decimal 187)
   defining Unicode char U+0131 (decimal 305)
   defining Unicode char U+0237 (decimal 567)
   defining Unicode char U+0400 (decimal 1024)
   defining Unicode char U+0401 (decimal 1025)
   defining Unicode char U+0402 (decimal 1026)
   defining Unicode char U+0403 (decimal 1027)
   defining Unicode char U+0404 (decimal 1028)
   defining Unicode char U+0405 (decimal 1029)
   defining Unicode char U+0406 (decimal 1030)
   defining Unicode char U+0407 (decimal 1031)
   defining Unicode char U+0408 (decimal 1032)
   defining Unicode char U+0409 (decimal 1033)
   defining Unicode char U+040A (decimal 1034)
   defining Unicode char U+040B (decimal 1035)
   defining Unicode char U+040C (decimal 1036)
   defining Unicode char U+040D (decimal 1037)
   defining Unicode char U+040E (decimal 1038)
   defining Unicode char U+040F (decimal 1039)
   defining Unicode char U+0410 (decimal 1040)
   defining Unicode char U+0411 (decimal 1041)
   defining Unicode char U+0412 (decimal 1042)
   defining Unicode char U+0413 (decimal 1043)
   defining Unicode char U+0414 (decimal 1044)
   defining Unicode char U+0415 (decimal 1045)
   defining Unicode char U+0416 (decimal 1046)
   defining Unicode char U+0417 (decimal 1047)
   defining Unicode char U+0418 (decimal 1048)
   defining Unicode char U+0419 (decimal 1049)
   defining Unicode char U+041A (decimal 1050)
   defining Unicode char U+041B (decimal 1051)
   defining Unicode char U+041C (decimal 1052)
   defining Unicode char U+041D (decimal 1053)
   defining Unicode char U+041E (decimal 1054)
   defining Unicode char U+041F (decimal 1055)
   defining Unicode char U+0420 (decimal 1056)
   defining Unicode char U+0421 (decimal 1057)
   defining Unicode char U+0422 (decimal 1058)
   defining Unicode char U+0423 (decimal 1059)
   defining Unicode char U+0424 (decimal 1060)
   defining Unicode char U+0425 (decimal 1061)
   defining Unicode char U+0426 (decimal 1062)
   defining Unicode char U+0427 (decimal 1063)
   defining Unicode char U+0428 (decimal 1064)
   defining Unicode char U+0429 (decimal 1065)
   defining Unicode char U+042A (decimal 1066)
   defining Unicode char U+042B (decimal 1067)
   defining Unicode char U+042C (decimal 1068)
   defining Unicode char U+042D (decimal 1069)
   defining Unicode char U+042E (decimal 1070)
   defining Unicode char U+042F (decimal 1071)
   defining Unicode char U+0430 (decimal 1072)
   defining Unicode char U+0431 (decimal 1073)
   defining Unicode char U+0432 (decimal 1074)
   defining Unicode char U+0433 (decimal 1075)
   defining Unicode char U+0434 (decimal 1076)
   defining Unicode char U+0435 (decimal 1077)
   defining Unicode char U+0436 (decimal 1078)
   defining Unicode char U+0437 (decimal 1079)
   defining Unicode char U+0438 (decimal 1080)
   defining Unicode char U+0439 (decimal 1081)
   defining Unicode char U+043A (decimal 1082)
   defining Unicode char U+043B (decimal 1083)
   defining Unicode char U+043C (decimal 1084)
   defining Unicode char U+043D (decimal 1085)
   defining Unicode char U+043E (decimal 1086)
   defining Unicode char U+043F (decimal 1087)
   defining Unicode char U+0440 (decimal 1088)
   defining Unicode char U+0441 (decimal 1089)
   defining Unicode char U+0442 (decimal 1090)
   defining Unicode char U+0443 (decimal 1091)
   defining Unicode char U+0444 (decimal 1092)
   defining Unicode char U+0445 (decimal 1093)
   defining Unicode char U+0446 (decimal 1094)
   defining Unicode char U+0447 (decimal 1095)
   defining Unicode char U+0448 (decimal 1096)
   defining Unicode char U+0449 (decimal 1097)
   defining Unicode char U+044A (decimal 1098)
   defining Unicode char U+044B (decimal 1099)
   defining Unicode char U+044C (decimal 1100)
   defining Unicode char U+044D (decimal 1101)
   defining Unicode char U+044E (decimal 1102)
   defining Unicode char U+044F (decimal 1103)
   defining Unicode char U+0450 (decimal 1104)
   defining Unicode char U+0451 (decimal 1105)
   defining Unicode char U+0452 (decimal 1106)
   defining Unicode char U+0453 (decimal 1107)
   defining Unicode char U+0454 (decimal 1108)
   defining Unicode char U+0455 (decimal 1109)
   defining Unicode char U+0456 (decimal 1110)
   defining Unicode char U+0457 (decimal 1111)
   defining Unicode char U+0458 (decimal 1112)
   defining Unicode char U+0459 (decimal 1113)
   defining Unicode char U+045A (decimal 1114)
   defining Unicode char U+045B (decimal 1115)
   defining Unicode char U+045C (decimal 1116)
   defining Unicode char U+045D (decimal 1117)
   defining Unicode char U+045E (decimal 1118)
   defining Unicode char U+045F (decimal 1119)
   defining Unicode char U+0490 (decimal 1168)
   defining Unicode char U+0491 (decimal 1169)
   defining Unicode char U+0492 (decimal 1170)
   defining Unicode char U+0493 (decimal 1171)
   defining Unicode char U+0496 (decimal 1174)
   defining Unicode char U+0497 (decimal 1175)
   defining Unicode char U+0498 (decimal 1176)
   defining Unicode char U+0499 (decimal 1177)
   defining Unicode char U+049A (decimal 1178)
   defining Unicode char U+049B (decimal 1179)
   defining Unicode char U+049C (decimal 1180)
   defining Unicode char U+049D (decimal 1181)
   defining Unicode char U+04A0 (decimal 1184)
   defining Unicode char U+04A1 (decimal 1185)
   defining Unicode char U+04A2 (decimal 1186)
   defining Unicode char U+04A3 (decimal 1187)
   defining Unicode char U+04A4 (decimal 1188)
   defining Unicode char U+04A5 (decimal 1189)
   defining Unicode char U+04AA (decimal 1194)
   defining Unicode char U+04AB (decimal 1195)
   defining Unicode char U+04AE (decimal 1198)
   defining Unicode char U+04AF (decimal 1199)
   defining Unicode char U+04B0 (decimal 1200)
   defining Unicode char U+04B1 (decimal 1201)
   defining Unicode char U+04B2 (decimal 1202)
   defining Unicode char U+04B3 (decimal 1203)
   defining Unicode char U+04B6 (decimal 1206)
   defining Unicode char U+04B7 (decimal 1207)
   defining Unicode char U+04B8 (decimal 1208)
   defining Unicode char U+04B9 (decimal 1209)
   defining Unicode char U+04BA (decimal 1210)
   defining Unicode char U+04BB (decimal 1211)
   defining Unicode char U+04C0 (decimal 1216)
   defining Unicode char U+04C1 (decimal 1217)
   defining Unicode char U+04C2 (decimal 1218)
   defining Unicode char U+04D0 (decimal 1232)
   defining Unicode char U+04D1 (decimal 1233)
   defining Unicode char U+04D2 (decimal 1234)
   defining Unicode char U+04D3 (decimal 1235)
   defining Unicode char U+04D4 (decimal 1236)
   defining Unicode char U+04D5 (decimal 1237)
   defining Unicode char U+04D6 (decimal 1238)
   defining Unicode char U+04D7 (decimal 1239)
   defining Unicode char U+04D8 (decimal 1240)
   defining Unicode char U+04D9 (decimal 1241)
   defining Unicode char U+04DA (decimal 1242)
   defining Unicode char U+04DB (decimal 1243)
   defining Unicode char U+04DC (decimal 1244)
   defining Unicode char U+04DD (decimal 1245)
   defining Unicode char U+04DE (decimal 1246)
   defining Unicode char U+04DF (decimal 1247)
   defining Unicode char U+04E2 (decimal 1250)
   defining Unicode char U+04E3 (decimal 1251)
   defining Unicode char U+04E4 (decimal 1252)
   defining Unicode char U+04E5 (decimal 1253)
   defining Unicode char U+04E6 (decimal 1254)
   defining Unicode char U+04E7 (decimal 1255)
   defining Unicode char U+04E8 (decimal 1256)
   defining Unicode char U+04E9 (decimal 1257)
   defining Unicode char U+04EC (decimal 1260)
   defining Unicode char U+04ED (decimal 1261)
   defining Unicode char U+04EE (decimal 1262)
   defining Unicode char U+04EF (decimal 1263)
   defining Unicode char U+04F0 (decimal 1264)
   defining Unicode char U+04F1 (decimal 1265)
   defining Unicode char U+04F2 (decimal 1266)
   defining Unicode char U+04F3 (decimal 1267)
   defining Unicode char U+04F4 (decimal 1268)
   defining Unicode char U+04F5 (decimal 1269)
   defining Unicode char U+04F8 (decimal 1272)
   defining Unicode char U+04F9 (decimal 1273)
   defining Unicode char U+200C (decimal 8204)
   defining Unicode char U+2013 (decimal 8211)
   defining Unicode char U+2014 (decimal 8212)
   defining Unicode char U+2018 (decimal 8216)
   defining Unicode char U+2019 (decimal 8217)
   defining Unicode char U+201C (decimal 8220)
   defining Unicode char U+201D (decimal 8221)
   defining Unicode char U+201E (decimal 8222)
   defining Unicode char U+2030 (decimal 8240)
   defining Unicode char U+2031 (decimal 8241)
   defining Unicode char U+2116 (decimal 8470)
   defining Unicode char U+2329 (decimal 9001)
   defining Unicode char U+3008 (decimal 12296)
   defining Unicode char U+232A (decimal 9002)
   defining Unicode char U+3009 (decimal 12297)
   defining Unicode char U+2423 (decimal 9251)
   defining Unicode char U+27E8 (decimal 10216)
   defining Unicode char U+27E9 (decimal 10217)
   defining Unicode char U+FB00 (decimal 64256)
   defining Unicode char U+FB01 (decimal 64257)
   defining Unicode char U+FB02 (decimal 64258)
   defining Unicode char U+FB03 (decimal 64259)
   defining Unicode char U+FB04 (decimal 64260)
   defining Unicode char U+FB05 (decimal 64261)
   defining Unicode char U+FB06 (decimal 64262)
))
LaTeX Font Info:    Trying to load font information for T2A+cmr on input line 1
12.

(/usr/share/texlive/texmf-dist/tex/latex/cyrillic/t2acmr.fd
File: t2acmr.fd 2001/08/11 v1.0a Computer Modern Cyrillic font definitions
))
LaTeX Font Info:    Trying to load font information for T2A+ftm on input line 1
4.

(/usr/share/texmf/tex/latex/scalable-cyrfonts-tex/t2aftm.fd
File: t2aftm.fd 2012/09/15 Fontinst v1.933 font definitions for T2A/ftm.
)
(/usr/share/texmf/tex/latex/mtpro2/mtpro2.sty
Package: mtpro2 2009/4/27 v2.3 MathTimePro II - added arc accents MathTimePro I
I - fixed rbrace problem with straightbraces and morphedbraces options MathTime
Pro II - fix bug with z = \backslash widetilde{\backslash sum_{x }}MathTimePro 
II v2 font support (PCTeX/WaS)MathTimePro II v2.1a Allowed alternate form of I 
in Math Script Fonts (MS)
Now handling font encoding LMP1 ...
... no UTF-8 mapping file for font encoding LMP1
Now handling font encoding LMP2 ...
... no UTF-8 mapping file for font encoding LMP2
Now handling font encoding LMP3 ...
... no UTF-8 mapping file for font encoding LMP3
\pointcount@=\count194
\prePbox@=\box51
\Pbox@=\box52
\LRbox@=\box53
\HATbox@=\box54
\TDbox@=\box55
\CHbox@=\box56
\ARCbox@=\box57
\preSbox@=\box58
\Sbox@=\box59
\SQcount@=\count195
\SQRTbox@=\box60
\UPROOT@=\count196
\LEFTROOT@=\count197
\limtype@=\count198
\xlfont@=\count199
\xlposition@=\count266
\xlposition@ii=\count267
\optype@=\count268
\x@count=\count269
\maxXLscripts@=\dimen142
))
(/usr/share/texlive/texmf-dist/tex/latex/base/inputenc.sty
Package: inputenc 2021/02/14 v1.3d Input encoding file
\inpenc@prehook=\toks16
\inpenc@posthook=\toks17
)
(/usr/share/texlive/texmf-dist/tex/latex/cmap/cmap.sty
Package: cmap 2021/02/06 v1.0j CMap support: searchable PDF


Package cmap Warning: fontenc already loaded - some fonts may be unprocessed.

) (/usr/share/texlive/texmf-dist/tex/latex/microtype/microtype.sty
Package: microtype 2022/06/23 v3.0f Micro-typographical refinements (RS)

(/usr/share/texlive/texmf-dist/tex/latex/graphics/keyval.sty
Package: keyval 2022/05/29 v1.15 key=value parser (DPC)
\KV@toks@=\toks18
)
(/usr/share/texlive/texmf-dist/tex/latex/etoolbox/etoolbox.sty
Package: etoolbox 2020/10/05 v2.5k e-TeX tools for LaTeX (JAW)
\etb@tempcnta=\count270
)
\MT@toks=\toks19
\MT@tempbox=\box61
\MT@count=\count271
LaTeX Info: Redefining \noprotrusionifhmode on input line 1045.
LaTeX Info: Redefining \leftprotrusion on input line 1046.
LaTeX Info: Redefining \rightprotrusion on input line 1056.
LaTeX Info: Redefining \textls on input line 1234.
\MT@outer@kern=\dimen143
LaTeX Info: Redefining \textmicrotypecontext on input line 1858.
\MT@listname@count=\count272

(/usr/share/texlive/texmf-dist/tex/latex/microtype/microtype-pdftex.def
File: microtype-pdftex.def 2022/06/23 v3.0f Definitions specific to pdftex (RS)

LaTeX Info: Redefining \lsstyle on input line 900.
LaTeX Info: Redefining \lslig on input line 900.
\MT@outer@space=\skip50
)
Package microtype Info: Loading configuration file microtype.cfg.

(/usr/share/texlive/texmf-dist/tex/latex/microtype/microtype.cfg
File: microtype.cfg 2022/06/23 v3.0f microtype main configuration file (RS)
))
(/usr/share/texlive/texmf-dist/tex/generic/babel/babel.sty
Package: babel 2022/12/26 3.84 The Babel package
\babel@savecnt=\count273
\U@D=\dimen144
\l@unhyphenated=\language18

(/usr/share/texlive/texmf-dist/tex/generic/babel/txtbabel.def)
\bbl@readstream=\read2
\bbl@dirlevel=\count274

(/usr/share/texlive/texmf-dist/tex/generic/babel-russian/russianb.ldf
File: russianb.ldf 2021/01/10 1.3m Russian support for the Babel system
Language: russian 2020/09/09 1.3k Russian support for the Babel system
Package babel Info: Making " an active character on input line 124.
Package babel Info: Default for \cyrdash is provided on input line 163.
))
(/usr/share/texlive/texmf-dist/tex/generic/babel/locale/ru/babel-russian.tex
Package babel Info: Importing font and identification data for russian
(babel)             from babel-ru.ini. Reported on input line 11.
)
(/usr/share/texlive/texmf-dist/tex/latex/extsizes/extsizes.sty
Package: extsizes 1996/10/08 v1.0 Non Standard LaTeX Package


Package ExtSizes Warning: It is better to use one of the extsizes classes,
 if you can.

(/usr/share/texlive/texmf-dist/tex/latex/extsizes/size14.clo
File: size14.clo 1999/11/11 v1.4a NON-Standard LaTeX file (size option)
))
(/usr/share/texlive/texmf-dist/tex/latex/float/float.sty
Package: float 2001/11/08 v1.3d Float enhancements (AL)
\c@float@type=\count275
\float@exts=\toks20
\float@box=\box62
\@float@everytoks=\toks21
\@floatcapt=\box63
)
\fivecharsapprox=\skip51

(/usr/share/texlive/texmf-dist/tex/latex/tools/indentfirst.sty
Package: indentfirst 1995/11/23 v1.03 Indent first paragraph (DPC)
)
(/usr/share/texlive/texmf-dist/tex/latex/geometry/geometry.sty
Package: geometry 2020/01/02 v5.9 Page Geometry

(/usr/share/texlive/texmf-dist/tex/generic/iftex/ifvtex.sty
Package: ifvtex 2019/10/25 v1.7 ifvtex legacy package. Use iftex instead.

(/usr/share/texlive/texmf-dist/tex/generic/iftex/iftex.sty
Package: iftex 2022/02/03 v1.0f TeX engine tests
))
\Gm@cnth=\count276
\Gm@cntv=\count277
\c@Gm@tempcnt=\count278
\Gm@bindingoffset=\dimen145
\Gm@wd@mp=\dimen146
\Gm@odd@mp=\dimen147
\Gm@even@mp=\dimen148
\Gm@layoutwidth=\dimen149
\Gm@layoutheight=\dimen150
\Gm@layouthoffset=\dimen151
\Gm@layoutvoffset=\dimen152
\Gm@dimlist=\toks22
)
(/usr/share/texlive/texmf-dist/tex/latex/setspace/setspace.sty
Package: setspace 2022/12/04 v6.7b set line spacing
)
(/usr/share/texlive/texmf-dist/tex/latex/bigfoot/perpage.sty
Package: perpage 2014/10/25 2.0 Reset/sort counters per page
\c@abspage=\count279
)
\c@pp@a@footnote=\count280

(/usr/share/texlive/texmf-dist/tex/latex/footmisc/footmisc.sty
Package: footmisc 2022/03/08 v6.0d a miscellany of footnote facilities
\FN@temptoken=\toks23
\footnotemargin=\dimen153
\@outputbox@depth=\dimen154
Package footmisc Info: Declaring symbol style bringhurst on input line 695.
Package footmisc Info: Declaring symbol style chicago on input line 703.
Package footmisc Info: Declaring symbol style wiley on input line 712.
Package footmisc Info: Declaring symbol style lamport-robust on input line 723.

Package footmisc Info: Declaring symbol style lamport* on input line 743.
Package footmisc Info: Declaring symbol style lamport*-robust on input line 764
.
)
(/usr/share/texlive/texmf-dist/tex/latex/tocloft/tocloft.sty
Package: tocloft 2017/08/31 v2.3i parameterised ToC, etc., typesetting
Package tocloft Info: The document has chapter divisions on input line 51.
\cftparskip=\skip52
\cftbeforetoctitleskip=\skip53
\cftaftertoctitleskip=\skip54
\cftbeforepartskip=\skip55
\cftpartnumwidth=\skip56
\cftpartindent=\skip57
\cftbeforechapskip=\skip58
\cftchapindent=\skip59
\cftchapnumwidth=\skip60
\cftbeforesecskip=\skip61
\cftsecindent=\skip62
\cftsecnumwidth=\skip63
\cftbeforesubsecskip=\skip64
\cftsubsecindent=\skip65
\cftsubsecnumwidth=\skip66
\cftbeforesubsubsecskip=\skip67
\cftsubsubsecindent=\skip68
\cftsubsubsecnumwidth=\skip69
\cftbeforeparaskip=\skip70
\cftparaindent=\skip71
\cftparanumwidth=\skip72
\cftbeforesubparaskip=\skip73
\cftsubparaindent=\skip74
\cftsubparanumwidth=\skip75
\cftbeforeloftitleskip=\skip76
\cftafterloftitleskip=\skip77
\cftbeforefigskip=\skip78
\cftfigindent=\skip79
\cftfignumwidth=\skip80
\c@lofdepth=\count281
\c@lotdepth=\count282
\cftbeforelottitleskip=\skip81
\cftafterlottitleskip=\skip82
\cftbeforetabskip=\skip83
\cfttabindent=\skip84
\cfttabnumwidth=\skip85
)
(/usr/share/texlive/texmf-dist/tex/latex/fancyhdr/fancyhdr.sty
Package: fancyhdr 2022/11/09 v4.1 Extensive control of page headers and footers

\f@nch@headwidth=\skip86
\f@nch@O@elh=\skip87
\f@nch@O@erh=\skip88
\f@nch@O@olh=\skip89
\f@nch@O@orh=\skip90
\f@nch@O@elf=\skip91
\f@nch@O@erf=\skip92
\f@nch@O@olf=\skip93
\f@nch@O@orf=\skip94
)
(/usr/share/texlive/texmf-dist/tex/latex/graphics/graphicx.sty
Package: graphicx 2021/09/16 v1.2d Enhanced LaTeX Graphics (DPC,SPQR)

(/usr/share/texlive/texmf-dist/tex/latex/graphics/graphics.sty
Package: graphics 2022/03/10 v1.4e Standard LaTeX Graphics (DPC,SPQR)

(/usr/share/texlive/texmf-dist/tex/latex/graphics/trig.sty
Package: trig 2021/08/11 v1.11 sin cos tan (DPC)
)
(/usr/share/texlive/texmf-dist/tex/latex/graphics-cfg/graphics.cfg
File: graphics.cfg 2016/06/04 v1.11 sample graphics configuration
)
Package graphics Info: Driver file: pdftex.def on input line 107.

(/usr/share/texlive/texmf-dist/tex/latex/graphics-def/pdftex.def
File: pdftex.def 2022/09/22 v1.2b Graphics/color driver for pdftex
))
\Gin@req@height=\dimen155
\Gin@req@width=\dimen156
)
(/usr/share/texlive/texmf-dist/tex/latex/caption/caption.sty
Package: caption 2022/03/01 v3.6b Customizing captions (AR)

(/usr/share/texlive/texmf-dist/tex/latex/caption/caption3.sty
Package: caption3 2022/03/17 v2.3b caption3 kernel (AR)
\caption@tempdima=\dimen157
\captionmargin=\dimen158
\caption@leftmargin=\dimen159
\caption@rightmargin=\dimen160
\caption@width=\dimen161
\caption@indent=\dimen162
\caption@parindent=\dimen163
\caption@hangindent=\dimen164
Package caption Info: Standard document class detected.
)
\c@caption@flags=\count283
\c@continuedfloat=\count284
Package caption Info: float package is loaded.
)
(/usr/share/texlive/texmf-dist/tex/latex/caption/subcaption.sty
Package: subcaption 2022/01/07 v1.5 Sub-captions (AR)
\c@subfigure=\count285
\c@subtable=\count286
)
(/usr/share/texlive/texmf-dist/tex/latex/graphics/rotating.sty
Package: rotating 2016/08/11 v2.16d rotated objects in LaTeX

(/usr/share/texlive/texmf-dist/tex/latex/base/ifthen.sty
Package: ifthen 2022/04/13 v1.1d Standard LaTeX ifthen package (DPC)
)
\c@r@tfl@t=\count287
\rotFPtop=\skip95
\rotFPbot=\skip96
\rot@float@box=\box64
\rot@mess@toks=\toks24
)
(/usr/share/texlive/texmf-dist/tex/latex/tablefootnote/tablefootnote.sty
Package: tablefootnote 2014/01/26 v1.1c Table foot notes (HMM)

(/usr/share/texlive/texmf-dist/tex/generic/ltxcmds/ltxcmds.sty
Package: ltxcmds 2020-05-10 v1.25 LaTeX kernel commands for general use (HO)
)
(/usr/share/texlive/texmf-dist/tex/latex/letltxmacro/letltxmacro.sty
Package: letltxmacro 2019/12/03 v1.6 Let assignment for LaTeX macros (HO)
)
(/usr/share/texlive/texmf-dist/tex/latex/xifthen/xifthen.sty
Package: xifthen 2015/11/05 v1.4.0 Extended ifthen features

(/usr/share/texlive/texmf-dist/tex/latex/tools/calc.sty
Package: calc 2017/05/25 v4.3 Infix arithmetic (KKT,FJ)
\calc@Acount=\count288
\calc@Bcount=\count289
\calc@Adimen=\dimen165
\calc@Bdimen=\dimen166
\calc@Askip=\skip97
\calc@Bskip=\skip98
LaTeX Info: Redefining \setlength on input line 80.
LaTeX Info: Redefining \addtolength on input line 81.
\calc@Ccount=\count290
\calc@Cskip=\skip99
)
(/usr/share/texlive/texmf-dist/tex/latex/ifmtarg/ifmtarg.sty
Package: ifmtarg 2018/04/16 v1.2b check for an empty argument
)))
\lengthWordWhere=\skip100

(/usr/share/texlive/texmf-dist/tex/latex/tools/tabularx.sty
Package: tabularx 2020/01/15 v2.11c `tabularx' package (DPC)

(/usr/share/texlive/texmf-dist/tex/latex/tools/array.sty
Package: array 2022/09/04 v2.5g Tabular extension package (FMi)
\col@sep=\dimen167
\ar@mcellbox=\box65
\extrarowheight=\dimen168
\NC@list=\toks25
\extratabsurround=\skip101
\backup@length=\skip102
\ar@cellbox=\box66
)
\TX@col@width=\dimen169
\TX@old@table=\dimen170
\TX@old@col=\dimen171
\TX@target=\dimen172
\TX@delta=\dimen173
\TX@cols=\count291
\TX@ftn=\toks26
)
(/usr/share/texlive/texmf-dist/tex/latex/amsmath/amsmath.sty
Package: amsmath 2022/04/08 v2.17n AMS math features
\@mathmargin=\skip103

For additional information on amsmath, use the `?' option.
(/usr/share/texlive/texmf-dist/tex/latex/amsmath/amstext.sty
Package: amstext 2021/08/26 v2.01 AMS text

(/usr/share/texlive/texmf-dist/tex/latex/amsmath/amsgen.sty
File: amsgen.sty 1999/11/30 v2.0 generic functions
\@emptytoks=\toks27
\ex@=\dimen174
))
(/usr/share/texlive/texmf-dist/tex/latex/amsmath/amsbsy.sty
Package: amsbsy 1999/11/29 v1.2d Bold Symbols
\pmbraise@=\dimen175
)
(/usr/share/texlive/texmf-dist/tex/latex/amsmath/amsopn.sty
Package: amsopn 2022/04/08 v2.04 operator names
)
\inf@bad=\count292
LaTeX Info: Redefining \frac on input line 234.
\uproot@=\count293
\leftroot@=\count294
LaTeX Info: Redefining \overline on input line 399.
LaTeX Info: Redefining \colon on input line 410.
\classnum@=\count295
\DOTSCASE@=\count296
LaTeX Info: Redefining \ldots on input line 496.
LaTeX Info: Redefining \dots on input line 499.
LaTeX Info: Redefining \cdots on input line 620.
\Mathstrutbox@=\box67
\strutbox@=\box68
LaTeX Info: Redefining \big on input line 722.
LaTeX Info: Redefining \Big on input line 723.
LaTeX Info: Redefining \bigg on input line 724.
LaTeX Info: Redefining \Bigg on input line 725.
\big@size=\dimen176
\macc@depth=\count297
LaTeX Info: Redefining \bmod on input line 905.
LaTeX Info: Redefining \pmod on input line 910.
LaTeX Info: Redefining \smash on input line 940.
LaTeX Info: Redefining \relbar on input line 970.
LaTeX Info: Redefining \Relbar on input line 971.
\c@MaxMatrixCols=\count298
\dotsspace@=\muskip16
\c@parentequation=\count299
\dspbrk@lvl=\count300
\tag@help=\toks28
\row@=\count301
\column@=\count302
\maxfields@=\count303
\andhelp@=\toks29
\eqnshift@=\dimen177
\alignsep@=\dimen178
\tagshift@=\dimen179
\tagwidth@=\dimen180
\totwidth@=\dimen181
\lineht@=\dimen182
\@envbody=\toks30
\multlinegap=\skip104
\multlinetaggap=\skip105
\mathdisplay@stack=\toks31
LaTeX Info: Redefining \[ on input line 2953.
LaTeX Info: Redefining \] on input line 2954.
)
(/usr/share/texlive/texmf-dist/tex/latex/amsfonts/amsfonts.sty
Package: amsfonts 2013/01/14 v3.01 Basic AMSFonts support
\symAMSa=\mathgroup4
\symAMSb=\mathgroup5
)
(/usr/share/texlive/texmf-dist/tex/latex/amsfonts/amssymb.sty
Package: amssymb 2013/01/14 v3.01 AMS font symbols
)
(/usr/share/texlive/texmf-dist/tex/latex/amscls/amsthm.sty
Package: amsthm 2020/05/29 v2.20.6
\thm@style=\toks32
\thm@bodyfont=\toks33
\thm@headfont=\toks34
\thm@notefont=\toks35
\thm@headpunct=\toks36
\thm@preskip=\skip106
\thm@postskip=\skip107
\thm@headsep=\skip108
\dth@everypar=\toks37
)
(/usr/share/texlive/texmf-dist/tex/latex/t2/mathtext.sty
Package: mathtext 2018/04/14 v1.0 transparent text-and-math defs
LaTeX Info: Redefining \halign on input line 121.
)
(/usr/share/texlive/texmf-dist/tex/latex/fp/fp.sty
Package: fp 1995/04/02

`Fixed Point Package', Version 0.8, April 2, 1995 (C) Michael Mehlich
(/usr/share/texlive/texmf-dist/tex/latex/fp/defpattern.sty
Package: defpattern 1994/10/12
\actioncount=\count304
)
(/usr/share/texlive/texmf-dist/tex/latex/fp/fp-basic.sty
Package: fp-basic 1996/05/13
\FP@xs=\count305
\FP@xia=\count306
\FP@xib=\count307
\FP@xfa=\count308
\FP@xfb=\count309
\FP@rega=\count310
\FP@regb=\count311
\FP@regs=\count312
\FP@times=\count313
)
(/usr/share/texlive/texmf-dist/tex/latex/fp/fp-addons.sty
Package: fp-addons 1995/03/15
)
(/usr/share/texlive/texmf-dist/tex/latex/fp/fp-snap.sty
Package: fp-snap 1995/04/05
)
(/usr/share/texlive/texmf-dist/tex/latex/fp/fp-exp.sty
Package: fp-exp 1995/04/03
)
(/usr/share/texlive/texmf-dist/tex/latex/fp/fp-trigo.sty
Package: fp-trigo 1995/04/14
)
(/usr/share/texlive/texmf-dist/tex/latex/fp/fp-pas.sty
Package: fp-pas 1994/08/29
)
(/usr/share/texlive/texmf-dist/tex/latex/fp/fp-random.sty
Package: fp-random 1995/02/23
\FPseed=\count314
)
(/usr/share/texlive/texmf-dist/tex/latex/fp/fp-eqn.sty
Package: fp-eqn 1995/04/03
)
(/usr/share/texlive/texmf-dist/tex/latex/fp/fp-upn.sty
Package: fp-upn 1996/10/21
)
(/usr/share/texlive/texmf-dist/tex/latex/fp/fp-eval.sty
Package: fp-eval 1995/04/03
))
(/usr/share/texlive/texmf-dist/tex/latex/enumitem/enumitem.sty
Package: enumitem 2019/06/20 v3.9 Customized lists
\labelindent=\skip109
\enit@outerparindent=\dimen183
\enit@toks=\toks38
\enit@inbox=\box69
\enit@count@id=\count315
\enitdp@description=\count316
)
(/usr/share/texlive/texmf-dist/tex/latex/makecell/makecell.sty
Package: makecell 2009/08/03 V0.1e Managing of Tab Column Heads and Cells
\rotheadsize=\dimen184
\c@nlinenum=\count317
\TeXr@lab=\toks39
)
(/usr/share/texlive/texmf-dist/tex/latex/multirow/multirow.sty
Package: multirow 2021/03/15 v2.8 Span multiple rows of a table
\multirow@colwidth=\skip110
\multirow@cntb=\count318
\multirow@dima=\skip111
\bigstrutjot=\dimen185
)
(/usr/share/texlive/texmf-dist/tex/latex/was/icomma.sty
Package: icomma 2002/03/10 v2.0 (WaS)
) (./sistyle.sty
Package: sistyle 2008/07/16 v2.3a SI units and numbers (DNJ Els)
\ttoks@A=\toks40
\ttoks@B=\toks41
)
(/usr/share/texlive/texmf-dist/tex/latex/tools/verbatim.sty
Package: verbatim 2022-07-02 v1.5u LaTeX2e package for verbatim enhancements
\every@verbatim=\toks42
\verbatim@line=\toks43
\verbatim@in@stream=\read3
)
(/usr/share/texlive/texmf-dist/tex/latex/xcolor/xcolor.sty
Package: xcolor 2022/06/12 v2.14 LaTeX color extensions (UK)

(/usr/share/texlive/texmf-dist/tex/latex/graphics-cfg/color.cfg
File: color.cfg 2016/01/02 v1.6 sample color configuration
)
Package xcolor Info: Driver file: pdftex.def on input line 227.

(/usr/share/texlive/texmf-dist/tex/latex/graphics/mathcolor.ltx)
Package xcolor Info: Model `cmy' substituted by `cmy0' on input line 1353.
Package xcolor Info: Model `hsb' substituted by `rgb' on input line 1357.
Package xcolor Info: Model `RGB' extended on input line 1369.
Package xcolor Info: Model `HTML' substituted by `rgb' on input line 1371.
Package xcolor Info: Model `Hsb' substituted by `hsb' on input line 1372.
Package xcolor Info: Model `tHsb' substituted by `hsb' on input line 1373.
Package xcolor Info: Model `HSB' substituted by `hsb' on input line 1374.
Package xcolor Info: Model `Gray' substituted by `gray' on input line 1375.
Package xcolor Info: Model `wave' substituted by `hsb' on input line 1376.
)
(/usr/share/texlive/texmf-dist/tex/latex/listings/listings.sty
\lst@mode=\count319
\lst@gtempboxa=\box70
\lst@token=\toks44
\lst@length=\count320
\lst@currlwidth=\dimen186
\lst@column=\count321
\lst@pos=\count322
\lst@lostspace=\dimen187
\lst@width=\dimen188
\lst@newlines=\count323
\lst@lineno=\count324
\lst@maxwidth=\dimen189

(/usr/share/texlive/texmf-dist/tex/latex/listings/lstmisc.sty
File: lstmisc.sty 2020/03/24 1.8d (Carsten Heinz)
\c@lstnumber=\count325
\lst@skipnumbers=\count326
\lst@framebox=\box71
)
(/usr/share/texlive/texmf-dist/tex/latex/listings/listings.cfg
File: listings.cfg 2020/03/24 1.8d listings configuration
))
Package: listings 2020/03/24 1.8d (Carsten Heinz)
 (./ulem.sty
\UL@box=\box72
\UL@hyphenbox=\box73
\UL@skip=\skip112
\UL@hook=\toks45
\UL@height=\dimen190
\UL@pe=\count327
\UL@pixel=\dimen191
\ULC@box=\box74
Package: ulem 2019/11/18
\ULdepth=\dimen192
)
(/usr/share/texlive/texmf-dist/tex/latex/hyperref/hyperref.sty
Package: hyperref 2022-11-13 v7.00u Hypertext links for LaTeX

(/usr/share/texlive/texmf-dist/tex/generic/pdftexcmds/pdftexcmds.sty
Package: pdftexcmds 2020-06-27 v0.33 Utility functions of pdfTeX for LuaTeX (HO
)

(/usr/share/texlive/texmf-dist/tex/generic/infwarerr/infwarerr.sty
Package: infwarerr 2019/12/03 v1.5 Providing info/warning/error messages (HO)
)
Package pdftexcmds Info: \pdf@primitive is available.
Package pdftexcmds Info: \pdf@ifprimitive is available.
Package pdftexcmds Info: \pdfdraftmode found.
)
(/usr/share/texlive/texmf-dist/tex/latex/kvsetkeys/kvsetkeys.sty
Package: kvsetkeys 2022-10-05 v1.19 Key value parser (HO)
)
(/usr/share/texlive/texmf-dist/tex/generic/kvdefinekeys/kvdefinekeys.sty
Package: kvdefinekeys 2019-12-19 v1.6 Define keys (HO)
)
(/usr/share/texlive/texmf-dist/tex/generic/pdfescape/pdfescape.sty
Package: pdfescape 2019/12/09 v1.15 Implements pdfTeX's escape features (HO)
)
(/usr/share/texlive/texmf-dist/tex/latex/hycolor/hycolor.sty
Package: hycolor 2020-01-27 v1.10 Color options for hyperref/bookmark (HO)
)
(/usr/share/texlive/texmf-dist/tex/latex/auxhook/auxhook.sty
Package: auxhook 2019-12-17 v1.6 Hooks for auxiliary files (HO)
)
(/usr/share/texlive/texmf-dist/tex/latex/hyperref/nameref.sty
Package: nameref 2022-05-17 v2.50 Cross-referencing by name of section

(/usr/share/texlive/texmf-dist/tex/latex/refcount/refcount.sty
Package: refcount 2019/12/15 v3.6 Data extraction from label references (HO)
)
(/usr/share/texlive/texmf-dist/tex/generic/gettitlestring/gettitlestring.sty
Package: gettitlestring 2019/12/15 v1.6 Cleanup title references (HO)

(/usr/share/texlive/texmf-dist/tex/latex/kvoptions/kvoptions.sty
Package: kvoptions 2022-06-15 v3.15 Key value format for package options (HO)
))
\c@section@level=\count328
)
\@linkdim=\dimen193
\Hy@linkcounter=\count329
\Hy@pagecounter=\count330

(/usr/share/texlive/texmf-dist/tex/latex/hyperref/pd1enc.def
File: pd1enc.def 2022-11-13 v7.00u Hyperref: PDFDocEncoding definition (HO)
Now handling font encoding PD1 ...
... no UTF-8 mapping file for font encoding PD1
\symPD1letters=\mathgroup6
)
(/usr/share/texlive/texmf-dist/tex/generic/intcalc/intcalc.sty
Package: intcalc 2019/12/15 v1.3 Expandable calculations with integers (HO)
)
(/usr/share/texlive/texmf-dist/tex/generic/etexcmds/etexcmds.sty
Package: etexcmds 2019/12/15 v1.7 Avoid name clashes with e-TeX commands (HO)
)
\Hy@SavedSpaceFactor=\count331

(/usr/share/texlive/texmf-dist/tex/latex/hyperref/puenc.def
File: puenc.def 2022-11-13 v7.00u Hyperref: PDF Unicode definition (HO)
Now handling font encoding PU ...
... no UTF-8 mapping file for font encoding PU
\symPUletters=\mathgroup7
)
Package hyperref Info: Option `unicode' set `true' on input line 3149.
Package hyperref Info: Option `final' set `true' on input line 4045.
Package hyperref Info: Option `final' set `true' on input line 4045.
Package hyperref Info: Hyper figures OFF on input line 4162.
Package hyperref Info: Link nesting OFF on input line 4167.
Package hyperref Info: Hyper index ON on input line 4170.
Package hyperref Info: Plain pages OFF on input line 4177.
Package hyperref Info: Backreferencing OFF on input line 4182.
Package hyperref Info: Implicit mode ON; LaTeX internals redefined.
Package hyperref Info: Bookmarks ON on input line 4410.
\c@Hy@tempcnt=\count332

(/usr/share/texlive/texmf-dist/tex/latex/url/url.sty
\Urlmuskip=\muskip17
Package: url 2013/09/16  ver 3.4  Verb mode for urls, etc.
)
LaTeX Info: Redefining \url on input line 4748.
\XeTeXLinkMargin=\dimen194

(/usr/share/texlive/texmf-dist/tex/generic/bitset/bitset.sty
Package: bitset 2019/12/09 v1.3 Handle bit-vector datatype (HO)

(/usr/share/texlive/texmf-dist/tex/generic/bigintcalc/bigintcalc.sty
Package: bigintcalc 2019/12/15 v1.5 Expandable calculations on big integers (HO
)
))
\Fld@menulength=\count333
\Field@Width=\dimen195
\Fld@charsize=\dimen196
Package hyperref Info: Hyper figures OFF on input line 6027.
Package hyperref Info: Link nesting OFF on input line 6032.
Package hyperref Info: Hyper index ON on input line 6035.
Package hyperref Info: backreferencing OFF on input line 6042.
Package hyperref Info: Link coloring OFF on input line 6047.
Package hyperref Info: Link coloring with OCG OFF on input line 6052.
Package hyperref Info: PDF/A mode OFF on input line 6057.

(/usr/share/texlive/texmf-dist/tex/latex/base/atbegshi-ltx.sty
Package: atbegshi-ltx 2021/01/10 v1.0c Emulation of the original atbegshi
package with kernel methods
)
\Hy@abspage=\count334
\c@Item=\count335
\c@Hfootnote=\count336
)
Package hyperref Info: Driver (autodetected): hpdftex.

(/usr/share/texlive/texmf-dist/tex/latex/hyperref/hpdftex.def
File: hpdftex.def 2022-11-13 v7.00u Hyperref driver for pdfTeX

(/usr/share/texlive/texmf-dist/tex/latex/base/atveryend-ltx.sty
Package: atveryend-ltx 2020/08/19 v1.0a Emulation of the original atveryend pac
kage
with kernel methods
)
\Fld@listcount=\count337
\c@bookmark@seq@number=\count338

(/usr/share/texlive/texmf-dist/tex/latex/rerunfilecheck/rerunfilecheck.sty
Package: rerunfilecheck 2022-07-10 v1.10 Rerun checks for auxiliary files (HO)

(/usr/share/texlive/texmf-dist/tex/generic/uniquecounter/uniquecounter.sty
Package: uniquecounter 2019/12/15 v1.4 Provide unlimited unique counter (HO)
)
Package uniquecounter Info: New unique counter `rerunfilecheck' on input line 2
85.
)
\Hy@SectionHShift=\skip113
)
(/usr/share/texlive/texmf-dist/tex/latex/natbib/natbib.sty
Package: natbib 2010/09/13 8.31b (PWD, AO)
\bibhang=\skip114
\bibsep=\skip115
LaTeX Info: Redefining \cite on input line 694.
\c@NAT@ctr=\count339
)
(/usr/share/texlive/texmf-dist/tex/latex/totcount/totcount.sty
Package: totcount 2011/01/25 v1.2 package for gettingthe total value of LaTeX c
ounters
)
\c@section@totc=\count340
\c@totfigures=\count341
\c@tottables=\count342
\c@totreferences=\count343
\c@totequation=\count344

(/usr/share/texlive/texmf-dist/tex/latex/tools/longtable.sty
Package: longtable 2021-09-01 v4.17 Multi-page Table package (DPC)
\LTleft=\skip116
\LTright=\skip117
\LTpre=\skip118
\LTpost=\skip119
\LTchunksize=\count345
\LTcapwidth=\dimen197
\LT@head=\box75
\LT@firsthead=\box76
\LT@foot=\box77
\LT@lastfoot=\box78
\LT@gbox=\box79
\LT@cols=\count346
\LT@rows=\count347
\c@LT@tables=\count348
\c@LT@chunks=\count349
\LT@p@ftn=\toks46
)
(/usr/share/texlive/texmf-dist/tex/latex/base/textcomp.sty
Package: textcomp 2020/02/02 v2.0n Standard LaTeX package
)
(/usr/share/texlive/texmf-dist/tex/latex/gensymb/gensymb.sty
Package: gensymb 2022/10/17 v1.0.2 (KJH)
)
(/usr/share/texlive/texmf-dist/tex/latex/textcase/textcase.sty
Package: textcase 2022/07/10 v1.03 Text only upper/lower case changing (DPC)
Package textcase Info: Defining Legacy names on input line 20.
)
(/usr/share/texlive/texmf-dist/tex/latex/graphics/lscape.sty
Package: lscape 2020/05/28 v3.02 Landscape Pages (DPC)
)
(/usr/share/texlive/texmf-dist/tex/latex/tools/xspace.sty
Package: xspace 2014/10/28 v1.13 Space after command names (DPC,MH)
)
(/usr/share/texlive/texmf-dist/tex/latex/lastpage/lastpage.sty
Package: lastpage 2021/09/03 v1.2n Refers to last page's name (HMM; JPG)
)
(/usr/share/texlive/texmf-dist/tex/latex/pgf/frontendlayer/tikz.sty
(/usr/share/texlive/texmf-dist/tex/latex/pgf/basiclayer/pgf.sty
(/usr/share/texlive/texmf-dist/tex/latex/pgf/utilities/pgfrcs.sty
(/usr/share/texlive/texmf-dist/tex/generic/pgf/utilities/pgfutil-common.tex
\pgfutil@everybye=\toks47
\pgfutil@tempdima=\dimen198
\pgfutil@tempdimb=\dimen199
)
(/usr/share/texlive/texmf-dist/tex/generic/pgf/utilities/pgfutil-latex.def
\pgfutil@abb=\box80
)
(/usr/share/texlive/texmf-dist/tex/generic/pgf/utilities/pgfrcs.code.tex
(/usr/share/texlive/texmf-dist/tex/generic/pgf/pgf.revision.tex)
Package: pgfrcs 2023-01-15 v3.1.10 (3.1.10)
))
Package: pgf 2023-01-15 v3.1.10 (3.1.10)

(/usr/share/texlive/texmf-dist/tex/latex/pgf/basiclayer/pgfcore.sty
(/usr/share/texlive/texmf-dist/tex/latex/pgf/systemlayer/pgfsys.sty
(/usr/share/texlive/texmf-dist/tex/generic/pgf/systemlayer/pgfsys.code.tex
Package: pgfsys 2023-01-15 v3.1.10 (3.1.10)

(/usr/share/texlive/texmf-dist/tex/generic/pgf/utilities/pgfkeys.code.tex
\pgfkeys@pathtoks=\toks48
\pgfkeys@temptoks=\toks49

(/usr/share/texlive/texmf-dist/tex/generic/pgf/utilities/pgfkeyslibraryfiltered
.code.tex
\pgfkeys@tmptoks=\toks50
))
\pgf@x=\dimen256
\pgf@y=\dimen257
\pgf@xa=\dimen258
\pgf@ya=\dimen259
\pgf@xb=\dimen260
\pgf@yb=\dimen261
\pgf@xc=\dimen262
\pgf@yc=\dimen263
\pgf@xd=\dimen264
\pgf@yd=\dimen265
\w@pgf@writea=\write3
\r@pgf@reada=\read4
\c@pgf@counta=\count350
\c@pgf@countb=\count351
\c@pgf@countc=\count352
\c@pgf@countd=\count353
\t@pgf@toka=\toks51
\t@pgf@tokb=\toks52
\t@pgf@tokc=\toks53
\pgf@sys@id@count=\count354
 (/usr/share/texlive/texmf-dist/tex/generic/pgf/systemlayer/pgf.cfg
File: pgf.cfg 2023-01-15 v3.1.10 (3.1.10)
)
Driver file for pgf: pgfsys-pdftex.def
(/usr/share/texlive/texmf-dist/tex/generic/pgf/systemlayer/pgfsys-pdftex.def
File: pgfsys-pdftex.def 2023-01-15 v3.1.10 (3.1.10)

(/usr/share/texlive/texmf-dist/tex/generic/pgf/systemlayer/pgfsys-common-pdf.de
f
File: pgfsys-common-pdf.def 2023-01-15 v3.1.10 (3.1.10)
)))
(/usr/share/texlive/texmf-dist/tex/generic/pgf/systemlayer/pgfsyssoftpath.code.
tex
File: pgfsyssoftpath.code.tex 2023-01-15 v3.1.10 (3.1.10)
\pgfsyssoftpath@smallbuffer@items=\count355
\pgfsyssoftpath@bigbuffer@items=\count356
)
(/usr/share/texlive/texmf-dist/tex/generic/pgf/systemlayer/pgfsysprotocol.code.
tex
File: pgfsysprotocol.code.tex 2023-01-15 v3.1.10 (3.1.10)
))
(/usr/share/texlive/texmf-dist/tex/generic/pgf/basiclayer/pgfcore.code.tex
Package: pgfcore 2023-01-15 v3.1.10 (3.1.10)

(/usr/share/texlive/texmf-dist/tex/generic/pgf/math/pgfmath.code.tex
(/usr/share/texlive/texmf-dist/tex/generic/pgf/math/pgfmathutil.code.tex)
(/usr/share/texlive/texmf-dist/tex/generic/pgf/math/pgfmathparser.code.tex
\pgfmath@dimen=\dimen266
\pgfmath@count=\count357
\pgfmath@box=\box81
\pgfmath@toks=\toks54
\pgfmath@stack@operand=\toks55
\pgfmath@stack@operation=\toks56
)
(/usr/share/texlive/texmf-dist/tex/generic/pgf/math/pgfmathfunctions.code.tex)
(/usr/share/texlive/texmf-dist/tex/generic/pgf/math/pgfmathfunctions.basic.code
.tex)
(/usr/share/texlive/texmf-dist/tex/generic/pgf/math/pgfmathfunctions.trigonomet
ric.code.tex)
(/usr/share/texlive/texmf-dist/tex/generic/pgf/math/pgfmathfunctions.random.cod
e.tex)
(/usr/share/texlive/texmf-dist/tex/generic/pgf/math/pgfmathfunctions.comparison
.code.tex)
(/usr/share/texlive/texmf-dist/tex/generic/pgf/math/pgfmathfunctions.base.code.
tex)
(/usr/share/texlive/texmf-dist/tex/generic/pgf/math/pgfmathfunctions.round.code
.tex)
(/usr/share/texlive/texmf-dist/tex/generic/pgf/math/pgfmathfunctions.misc.code.
tex)
(/usr/share/texlive/texmf-dist/tex/generic/pgf/math/pgfmathfunctions.integerari
thmetics.code.tex)
(/usr/share/texlive/texmf-dist/tex/generic/pgf/math/pgfmathcalc.code.tex)
(/usr/share/texlive/texmf-dist/tex/generic/pgf/math/pgfmathfloat.code.tex
\c@pgfmathroundto@lastzeros=\count358
))
(/usr/share/texlive/texmf-dist/tex/generic/pgf/math/pgfint.code.tex)
(/usr/share/texlive/texmf-dist/tex/generic/pgf/basiclayer/pgfcorepoints.code.te
x
File: pgfcorepoints.code.tex 2023-01-15 v3.1.10 (3.1.10)
\pgf@picminx=\dimen267
\pgf@picmaxx=\dimen268
\pgf@picminy=\dimen269
\pgf@picmaxy=\dimen270
\pgf@pathminx=\dimen271
\pgf@pathmaxx=\dimen272
\pgf@pathminy=\dimen273
\pgf@pathmaxy=\dimen274
\pgf@xx=\dimen275
\pgf@xy=\dimen276
\pgf@yx=\dimen277
\pgf@yy=\dimen278
\pgf@zx=\dimen279
\pgf@zy=\dimen280
)
(/usr/share/texlive/texmf-dist/tex/generic/pgf/basiclayer/pgfcorepathconstruct.
code.tex
File: pgfcorepathconstruct.code.tex 2023-01-15 v3.1.10 (3.1.10)
\pgf@path@lastx=\dimen281
\pgf@path@lasty=\dimen282
)
(/usr/share/texlive/texmf-dist/tex/generic/pgf/basiclayer/pgfcorepathusage.code
.tex
File: pgfcorepathusage.code.tex 2023-01-15 v3.1.10 (3.1.10)
\pgf@shorten@end@additional=\dimen283
\pgf@shorten@start@additional=\dimen284
)
(/usr/share/texlive/texmf-dist/tex/generic/pgf/basiclayer/pgfcorescopes.code.te
x
File: pgfcorescopes.code.tex 2023-01-15 v3.1.10 (3.1.10)
\pgfpic=\box82
\pgf@hbox=\box83
\pgf@layerbox@main=\box84
\pgf@picture@serial@count=\count359
)
(/usr/share/texlive/texmf-dist/tex/generic/pgf/basiclayer/pgfcoregraphicstate.c
ode.tex
File: pgfcoregraphicstate.code.tex 2023-01-15 v3.1.10 (3.1.10)
\pgflinewidth=\dimen285
)
(/usr/share/texlive/texmf-dist/tex/generic/pgf/basiclayer/pgfcoretransformation
s.code.tex
File: pgfcoretransformations.code.tex 2023-01-15 v3.1.10 (3.1.10)
\pgf@pt@x=\dimen286
\pgf@pt@y=\dimen287
\pgf@pt@temp=\dimen288
)
(/usr/share/texlive/texmf-dist/tex/generic/pgf/basiclayer/pgfcorequick.code.tex
File: pgfcorequick.code.tex 2023-01-15 v3.1.10 (3.1.10)
)
(/usr/share/texlive/texmf-dist/tex/generic/pgf/basiclayer/pgfcoreobjects.code.t
ex
File: pgfcoreobjects.code.tex 2023-01-15 v3.1.10 (3.1.10)
)
(/usr/share/texlive/texmf-dist/tex/generic/pgf/basiclayer/pgfcorepathprocessing
.code.tex
File: pgfcorepathprocessing.code.tex 2023-01-15 v3.1.10 (3.1.10)
)
(/usr/share/texlive/texmf-dist/tex/generic/pgf/basiclayer/pgfcorearrows.code.te
x
File: pgfcorearrows.code.tex 2023-01-15 v3.1.10 (3.1.10)
\pgfarrowsep=\dimen289
)
(/usr/share/texlive/texmf-dist/tex/generic/pgf/basiclayer/pgfcoreshade.code.tex
File: pgfcoreshade.code.tex 2023-01-15 v3.1.10 (3.1.10)
\pgf@max=\dimen290
\pgf@sys@shading@range@num=\count360
\pgf@shadingcount=\count361
)
(/usr/share/texlive/texmf-dist/tex/generic/pgf/basiclayer/pgfcoreimage.code.tex
File: pgfcoreimage.code.tex 2023-01-15 v3.1.10 (3.1.10)
)
(/usr/share/texlive/texmf-dist/tex/generic/pgf/basiclayer/pgfcoreexternal.code.
tex
File: pgfcoreexternal.code.tex 2023-01-15 v3.1.10 (3.1.10)
\pgfexternal@startupbox=\box85
)
(/usr/share/texlive/texmf-dist/tex/generic/pgf/basiclayer/pgfcorelayers.code.te
x
File: pgfcorelayers.code.tex 2023-01-15 v3.1.10 (3.1.10)
)
(/usr/share/texlive/texmf-dist/tex/generic/pgf/basiclayer/pgfcoretransparency.c
ode.tex
File: pgfcoretransparency.code.tex 2023-01-15 v3.1.10 (3.1.10)
)
(/usr/share/texlive/texmf-dist/tex/generic/pgf/basiclayer/pgfcorepatterns.code.
tex
File: pgfcorepatterns.code.tex 2023-01-15 v3.1.10 (3.1.10)
)
(/usr/share/texlive/texmf-dist/tex/generic/pgf/basiclayer/pgfcorerdf.code.tex
File: pgfcorerdf.code.tex 2023-01-15 v3.1.10 (3.1.10)
)))
(/usr/share/texlive/texmf-dist/tex/generic/pgf/modules/pgfmoduleshapes.code.tex
File: pgfmoduleshapes.code.tex 2023-01-15 v3.1.10 (3.1.10)
\pgfnodeparttextbox=\box86
) (/usr/share/texlive/texmf-dist/tex/generic/pgf/modules/pgfmoduleplot.code.tex
File: pgfmoduleplot.code.tex 2023-01-15 v3.1.10 (3.1.10)
)
(/usr/share/texlive/texmf-dist/tex/latex/pgf/compatibility/pgfcomp-version-0-65
.sty
Package: pgfcomp-version-0-65 2023-01-15 v3.1.10 (3.1.10)
\pgf@nodesepstart=\dimen291
\pgf@nodesepend=\dimen292
)
(/usr/share/texlive/texmf-dist/tex/latex/pgf/compatibility/pgfcomp-version-1-18
.sty
Package: pgfcomp-version-1-18 2023-01-15 v3.1.10 (3.1.10)
)) (/usr/share/texlive/texmf-dist/tex/latex/pgf/utilities/pgffor.sty
(/usr/share/texlive/texmf-dist/tex/latex/pgf/utilities/pgfkeys.sty
(/usr/share/texlive/texmf-dist/tex/generic/pgf/utilities/pgfkeys.code.tex))
(/usr/share/texlive/texmf-dist/tex/latex/pgf/math/pgfmath.sty
(/usr/share/texlive/texmf-dist/tex/generic/pgf/math/pgfmath.code.tex))
(/usr/share/texlive/texmf-dist/tex/generic/pgf/utilities/pgffor.code.tex
Package: pgffor 2023-01-15 v3.1.10 (3.1.10)
\pgffor@iter=\dimen293
\pgffor@skip=\dimen294
\pgffor@stack=\toks57
\pgffor@toks=\toks58
))
(/usr/share/texlive/texmf-dist/tex/generic/pgf/frontendlayer/tikz/tikz.code.tex
Package: tikz 2023-01-15 v3.1.10 (3.1.10)

(/usr/share/texlive/texmf-dist/tex/generic/pgf/libraries/pgflibraryplothandlers
.code.tex
File: pgflibraryplothandlers.code.tex 2023-01-15 v3.1.10 (3.1.10)
\pgf@plot@mark@count=\count362
\pgfplotmarksize=\dimen295
)
\tikz@lastx=\dimen296
\tikz@lasty=\dimen297
\tikz@lastxsaved=\dimen298
\tikz@lastysaved=\dimen299
\tikz@lastmovetox=\dimen300
\tikz@lastmovetoy=\dimen301
\tikzleveldistance=\dimen302
\tikzsiblingdistance=\dimen303
\tikz@figbox=\box87
\tikz@figbox@bg=\box88
\tikz@tempbox=\box89
\tikz@tempbox@bg=\box90
\tikztreelevel=\count363
\tikznumberofchildren=\count364
\tikznumberofcurrentchild=\count365
\tikz@fig@count=\count366

(/usr/share/texlive/texmf-dist/tex/generic/pgf/modules/pgfmodulematrix.code.tex
File: pgfmodulematrix.code.tex 2023-01-15 v3.1.10 (3.1.10)
\pgfmatrixcurrentrow=\count367
\pgfmatrixcurrentcolumn=\count368
\pgf@matrix@numberofcolumns=\count369
)
\tikz@expandcount=\count370

(/usr/share/texlive/texmf-dist/tex/generic/pgf/frontendlayer/tikz/libraries/tik
zlibrarytopaths.code.tex
File: tikzlibrarytopaths.code.tex 2023-01-15 v3.1.10 (3.1.10)
)))
(/usr/share/texlive/texmf-dist/tex/generic/pgf/frontendlayer/tikz/libraries/tik
zlibraryshapes.geometric.code.tex
File: tikzlibraryshapes.geometric.code.tex 2023-01-15 v3.1.10 (3.1.10)

(/usr/share/texlive/texmf-dist/tex/generic/pgf/libraries/shapes/pgflibraryshape
s.geometric.code.tex
File: pgflibraryshapes.geometric.code.tex 2023-01-15 v3.1.10 (3.1.10)
))
(/usr/share/texlive/texmf-dist/tex/generic/pgf/frontendlayer/tikz/libraries/tik
zlibraryarrows.code.tex
File: tikzlibraryarrows.code.tex 2023-01-15 v3.1.10 (3.1.10)

(/usr/share/texlive/texmf-dist/tex/generic/pgf/libraries/pgflibraryarrows.code.
tex
File: pgflibraryarrows.code.tex 2023-01-15 v3.1.10 (3.1.10)
\arrowsize=\dimen304
))
(/usr/share/texlive/texmf-dist/tex/generic/pgf/frontendlayer/tikz/libraries/tik
zlibrarypositioning.code.tex
File: tikzlibrarypositioning.code.tex 2023-01-15 v3.1.10 (3.1.10)
)
(/usr/share/texlive/texmf-dist/tex/latex/pdfpages/pdfpages.sty
Package: pdfpages 2022/12/19 v0.5x Insert pages of external PDF documents (AM)

(/usr/share/texlive/texmf-dist/tex/latex/eso-pic/eso-pic.sty
Package: eso-pic 2020/10/14 v3.0a eso-pic (RN)
\ESO@tempdima=\dimen305
\ESO@tempdimb=\dimen306
)
\AM@pagewidth=\dimen307
\AM@pageheight=\dimen308
\AM@fboxrule=\dimen309

(/usr/share/texlive/texmf-dist/tex/latex/pdfpages/pppdftex.def
File: pppdftex.def 2022/12/19 v0.5x Pdfpages driver for pdfTeX (AM)
)
\pdfpages@includegraphics@status=\count371
\AM@pagebox=\box91
\AM@global@opts=\toks59
\AM@pagecnt=\count372
\AM@toc@title=\toks60
\AM@lof@heading=\toks61
\c@AM@survey=\count373
\AM@templatesizebox=\box92
)) (./macros.tex)<<t2a.cmap>>
(/usr/share/texlive/texmf-dist/tex/latex/l3backend/l3backend-pdftex.def
File: l3backend-pdftex.def 2023-01-16 L3 backend support: PDF output (pdfTeX)
\l__color_backend_stack_int=\count374
\l__pdf_internal_box=\box93
)
(./note.aux)
\openout1 = `note.aux'.

LaTeX Info: Redefining \microtypecontext on input line 5.
Package microtype Info: Applying patch `item' on input line 5.
Package microtype Info: Applying patch `toc' on input line 5.
Package microtype Info: Applying patch `eqnum' on input line 5.
Package microtype Info: Applying patch `footnote' on input line 5.
Package microtype Info: Generating PDF output.
Package microtype Info: Character protrusion enabled (level 2).
Package microtype Info: Using default protrusion set `alltext'.
Package microtype Info: Automatic font expansion enabled (level 2),
(microtype)             stretch: 20, shrink: 20, step: 1, non-selected.
Package microtype Info: Using default expansion set `alltext-nott'.
LaTeX Info: Redefining \showhyphens on input line 5.
Package microtype Info: No adjustment of tracking.
Package microtype Info: No adjustment of interword spacing.
Package microtype Info: No adjustment of character kerning.
Package microtype Info: Loading generic protrusion settings for font family
(microtype)             `ftm' (encoding: T2A).
(microtype)             For optimal results, create family-specific settings.
(microtype)             See the microtype manual for details.
LaTeX Info: Redefining \th on input line 5.

*geometry* driver: auto-detecting
*geometry* detected driver: pdftex
*geometry* verbose mode - [ preamble ] result:
* driver: pdftex
* paper: a4paper
* layout: <same size as paper>
* layoutoffset:(h,v)=(0.0pt,0.0pt)
* modes: 
* h-part:(L,W,R)=(85.35826pt, 469.47049pt, 42.67912pt)
* v-part:(T,H,B)=(56.9055pt, 711.319pt, 76.82234pt)
* \paperwidth=597.50787pt
* \paperheight=845.04684pt
* \textwidth=469.47049pt
* \textheight=711.319pt
* \oddsidemargin=13.08827pt
* \evensidemargin=13.08827pt
* \topmargin=-54.36449pt
* \headheight=14.0pt
* \headsep=25.0pt
* \topskip=14.0pt
* \footskip=28.45274pt
* \marginparwidth=15.0pt
* \marginparsep=10.0pt
* \columnsep=10.0pt
* \skip\footins=12.0pt plus 4.0pt minus 2.0pt
* \hoffset=0.0pt
* \voffset=0.0pt
* \mag=1000
* \@twocolumnfalse
* \@twosidefalse
* \@mparswitchfalse
* \@reversemarginfalse
* (1in=72.27pt=25.4mm, 1cm=28.453pt)

(/usr/share/texlive/texmf-dist/tex/context/base/mkii/supp-pdf.mkii
[Loading MPS to PDF converter (version 2006.09.02).]
\scratchcounter=\count375
\scratchdimen=\dimen310
\scratchbox=\box94
\nofMPsegments=\count376
\nofMParguments=\count377
\everyMPshowfont=\toks62
\MPscratchCnt=\count378
\MPscratchDim=\dimen311
\MPnumerator=\count379
\makeMPintoPDFobject=\count380
\everyMPtoPDFconversion=\toks63
) (/usr/share/texlive/texmf-dist/tex/latex/epstopdf-pkg/epstopdf-base.sty
Package: epstopdf-base 2020-01-24 v2.11 Base part for package epstopdf
Package epstopdf-base Info: Redefining graphics rule for `.eps' on input line 4
85.

(/usr/share/texlive/texmf-dist/tex/latex/latexconfig/epstopdf-sys.cfg
File: epstopdf-sys.cfg 2010/07/13 v1.3 Configuration of (r)epstopdf for TeX Liv
e
))
Package caption Info: Begin \AtBeginDocument code.
Package caption Info: Option `justification=RaggedRight' requires the `ragged2e
' package on input line 5.

(/usr/share/texlive/texmf-dist/tex/latex/ragged2e/ragged2e.sty
Package: ragged2e 2022/11/13 v3.2 ragged2e Package
\CenteringLeftskip=\skip120
\RaggedLeftLeftskip=\skip121
\RaggedRightLeftskip=\skip122
\CenteringRightskip=\skip123
\RaggedLeftRightskip=\skip124
\RaggedRightRightskip=\skip125
\CenteringParfillskip=\skip126
\RaggedLeftParfillskip=\skip127
\RaggedRightParfillskip=\skip128
\JustifyingParfillskip=\skip129
\CenteringParindent=\skip130
\RaggedLeftParindent=\skip131
\RaggedRightParindent=\skip132
\JustifyingParindent=\skip133
)
Package caption Info: hyperref package is loaded.
Package caption Info: listings package is loaded.
Package caption Info: longtable package is loaded.

(/usr/share/texlive/texmf-dist/tex/latex/caption/ltcaption.sty
Package: ltcaption 2021/01/08 v1.4c longtable captions (AR)
)
Package caption Info: rotating package is loaded.
Package caption Info: End \AtBeginDocument code.
LaTeX Info: Command `\dddot' is already robust on input line 5.
LaTeX Info: Command `\ddddot' is already robust on input line 5.

(/usr/share/texlive/texmf-dist/tex/latex/microtype/mt-cmr.cfg
File: mt-cmr.cfg 2013/05/19 v2.2 microtype config. file: Computer Modern Roman 
(RS)
)
(/usr/share/texlive/texmf-dist/tex/latex/amsfonts/umsa.fd
File: umsa.fd 2013/01/14 v3.01 AMS symbols A
)
(/usr/share/texlive/texmf-dist/tex/latex/microtype/mt-msa.cfg
File: mt-msa.cfg 2006/02/04 v1.1 microtype config. file: AMS symbols (a) (RS)
)
(/usr/share/texlive/texmf-dist/tex/latex/amsfonts/umsb.fd
File: umsb.fd 2013/01/14 v3.01 AMS symbols B
)
(/usr/share/texlive/texmf-dist/tex/latex/microtype/mt-msb.cfg
File: mt-msb.cfg 2005/06/01 v1.0 microtype config. file: AMS symbols (b) (RS)
)
(/usr/share/texlive/texmf-dist/tex/latex/cyrillic/t2acmss.fd
File: t2acmss.fd 2001/08/11 v1.0a Computer Modern Cyrillic font definitions
)
Package microtype Info: Loading generic protrusion settings for font family
(microtype)             `cmss' (encoding: T2A).
(microtype)             For optimal results, create family-specific settings.
(microtype)             See the microtype manual for details.

(/usr/share/texlive/texmf-dist/tex/latex/cyrillic/t2acmtt.fd
File: t2acmtt.fd 2001/08/11 v1.0a Computer Modern Cyrillic font definitions
)
Package microtype Info: Loading generic protrusion settings for font family
(microtype)             `cmtt' (encoding: T2A).
(microtype)             For optimal results, create family-specific settings.
(microtype)             See the microtype manual for details.
\c@lstlisting=\count381
Package hyperref Info: Link coloring OFF on input line 5.
 (./note.out)
(./note.out)
\@outlinefile=\write4
\openout4 = `note.out'.

\symgns@font=\mathgroup8
Package gensymb Info: Math companion symbols declared on input line 5.
LaTeX Info: Redefining \degree on input line 5.
LaTeX Info: Redefining \celsius on input line 5.
Package gensymb Info: Using text companion symbols for \degree, \celsius and \p
erthousand on input line 5.
LaTeX Info: Redefining \ohm on input line 5.
Package gensymb Info: Using \textohm for \ohm on input line 5.
LaTeX Info: Redefining \micro on input line 5.
Package gensymb Info: Using \textmu for \micro on input line 5.
Package lastpage Info: Please have a look at the pageslts package at
(lastpage)             https://www.ctan.org/pkg/pageslts
(lastpage)             ! on input line 5.
 (/usr/share/texlive/texmf-dist/tex/latex/pdflscape/pdflscape.sty
Package: pdflscape 2022-10-27 v0.13 Display of landscape pages in PDF

(/usr/share/texlive/texmf-dist/tex/latex/pdflscape/pdflscape-nometadata.sty
Package: pdflscape-nometadata 2022-10-28 v0.13 Display of landscape pages in PD
F (HO)
Package pdflscape Info: Auto-detected driver: pdftex on input line 81.
))
(./title.tex [1

{/var/lib/texmf/fonts/map/pdftex/updmap/pdftex.map}])
(./task.tex (/usr/share/texmf/tex/latex/scalable-cyrfonts-tex/ts1ftm.fd
File: ts1ftm.fd 2012/09/15 Fontinst v1.933 font definitions for TS1/ftm.
)
Underfull \hbox (badness 10000) in alignment at lines 32--34
[][] 
 []

[2]) (./table_of_contents.tex (./note.toc
(/usr/share/texmf/tex/latex/scalable-cyrfonts-tex/ot1ftm.fd
File: ot1ftm.fd 2012/09/15 Fontinst v1.933 font definitions for OT1/ftm.
)<<ot1.cmap>>
Package microtype Info: Loading generic protrusion settings for font family
(microtype)             `ftm' (encoding: OT1).
(microtype)             For optimal results, create family-specific settings.
(microtype)             See the microtype manual for details.
)
\tf@toc=\write5
\openout5 = `note.toc'.


[3]) (./sections/00_introduction.tex) (./sections/01_analysis.tex [4

] [5

]
[6]
Underfull \hbox (badness 10000) in paragraph at lines 38--39

 []

<attachments//1.1.png, id=118, 1897.0875pt x 309.155pt>
File: attachments//1.1.png Graphic file (type png)
<use attachments//1.1.png>
Package pdftex.def Info: attachments//1.1.png  used on input line 42.
(pdftex.def)             Requested size: 375.57782pt x 61.2025pt.

Underfull \hbox (badness 10000) in paragraph at lines 46--47

 []

<attachments//1.2.png, id=120, 1258.7025pt x 835.12pt>
File: attachments//1.2.png Graphic file (type png)
<use attachments//1.2.png>
Package pdftex.def Info: attachments//1.2.png  used on input line 50.
(pdftex.def)             Requested size: 375.57782pt x 249.18718pt.

Underfull \hbox (badness 10000) in paragraph at lines 54--55

 []

<attachments//1.3.png, id=121, 1391.1975pt x 942.52126pt>
File: attachments//1.3.png Graphic file (type png)
<use attachments//1.3.png>
Package pdftex.def Info: attachments//1.3.png  used on input line 58.
(pdftex.def)             Requested size: 352.10286pt x 238.53484pt.

LaTeX Warning: `h' float specifier changed to `ht'.


Underfull \hbox (badness 10000) in paragraph at lines 62--63

 []

[7 <./attachments//1.1.png> <./attachments//1.2.png>]
<attachments//1.4.png, id=131, 1203.49625pt x 478.78876pt>
File: attachments//1.4.png Graphic file (type png)
<use attachments//1.4.png>
Package pdftex.def Info: attachments//1.4.png  used on input line 66.
(pdftex.def)             Requested size: 352.10286pt x 140.07985pt.

Underfull \hbox (badness 10000) in paragraph at lines 70--71

 []

<attachments//1.5.png, id=132, 914.41624pt x 591.20876pt>
File: attachments//1.5.png Graphic file (type png)
<use attachments//1.5.png>
Package pdftex.def Info: attachments//1.5.png  used on input line 74.
(pdftex.def)             Requested size: 469.47049pt x 303.5332pt.

LaTeX Warning: `h' float specifier changed to `ht'.

[8 <./attachments//1.3.png> <./attachments//1.4.png>] [9 <./attachments//1.5.pn
g>]) (./sections/02_proecting.tex [10]
Overfull \hbox (8.18282pt too wide) in paragraph at lines 5--6
\T2A/ftm/m/n/14.4 (-20) - ---  ----- \T
2A/ftm/m/it/14.4 (-20) C++\T2A/ftm/m/n/14.4 (-20) .  -- \T2A/ftm/m/it/
14.4 (-20) IDE (integrated
 []

[11

] [12]
<attachments//struct_classes.png, id=160, 686.565pt x 419.5675pt>
File: attachments//struct_classes.png Graphic file (type png)
<use attachments//struct_classes.png>
Package pdftex.def Info: attachments//struct_classes.png  used on input line 57
.
(pdftex.def)             Requested size: 469.47049pt x 286.89624pt.

Underfull \hbox (badness 10000) in paragraph at lines 67--68

 []

<attachments//db_structure.png, id=162, 1182.4175pt x 692.5875pt>
File: attachments//db_structure.png Graphic file (type png)
<use attachments//db_structure.png>
Package pdftex.def Info: attachments//db_structure.png  used on input line 71.
(pdftex.def)             Requested size: 469.47049pt x 274.97989pt.
[13 <./attachments//struct_classes.png>] [14 <./attachments//db_structure.png>]
) (./sections/03_realization.tex [15]
<attachments//login_menu.png, id=182, 244.915pt x 99.37125pt>
File: attachments//login_menu.png Graphic file (type png)
<use attachments//login_menu.png>
Package pdftex.def Info: attachments//login_menu.png  used on input line 9.
(pdftex.def)             Requested size: 281.68515pt x 114.29272pt.
<attachments//diagram_login.png, id=184, 3766.07pt x 2371.86125pt>
File: attachments//diagram_login.png Graphic file (type png)
<use attachments//diagram_login.png>
Package pdftex.def Info: attachments//diagram_login.png  used on input line 18.

(pdftex.def)             Requested size: 469.47049pt x 295.64952pt.
<attachments//login_exit.png, id=186, 262.9825pt x 19.07124pt>
File: attachments//login_exit.png Graphic file (type png)
<use attachments//login_exit.png>
Package pdftex.def Info: attachments//login_exit.png  used on input line 28.
(pdftex.def)             Requested size: 281.68515pt x 20.4284pt.


LaTeX Warning: `h' float specifier changed to `ht'.

[16

 <./attachments//login_menu.png> <./attachments//diagram_login.png>]
<attachments//registration_demonstration.png, id=196, 294.09875pt x 132.495pt>
File: attachments//registration_demonstration.png Graphic file (type png)
<use attachments//registration_demonstration.png>
Package pdftex.def Info: attachments//registration_demonstration.png  used on i
nput line 39.
(pdftex.def)             Requested size: 281.68515pt x 126.9026pt.
<attachments//email_error.png, id=198, 471.7625pt x 136.51pt>
File: attachments//email_error.png Graphic file (type png)
<use attachments//email_error.png>
Package pdftex.def Info: attachments//email_error.png  used on input line 48.
(pdftex.def)             Requested size: 187.78532pt x 54.33849pt.

[17 <./attachments//login_exit.png> <./attachments//registration_demonstration.
png> <./attachments//email_error.png>]
<attachments//user_menu.png, id=206, 248.93pt x 189.70876pt>
File: attachments//user_menu.png Graphic file (type png)
<use attachments//user_menu.png>
Package pdftex.def Info: attachments//user_menu.png  used on input line 63.
(pdftex.def)             Requested size: 187.78532pt x 143.11488pt.
<attachments//create_ticket.png, id=208, 1269.74374pt x 172.645pt>
File: attachments//create_ticket.png Graphic file (type png)
<use attachments//create_ticket.png>
Package pdftex.def Info: attachments//create_ticket.png  used on input line 72.

(pdftex.def)             Requested size: 469.47049pt x 63.83286pt.
<attachments//choose_place.png, id=210, 240.9pt x 796.9775pt>
File: attachments//choose_place.png Graphic file (type png)
<use attachments//choose_place.png>
Package pdftex.def Info: attachments//choose_place.png  used on input line 81.
(pdftex.def)             Requested size: 117.36761pt x 388.28479pt.


LaTeX Warning: `h' float specifier changed to `ht'.

[18 <./attachments//user_menu.png> <./attachments//create_ticket.png>]
<attachments//ticket_read.png, id=219, 622.325pt x 140.525pt>
File: attachments//ticket_read.png Graphic file (type png)
<use attachments//ticket_read.png>
Package pdftex.def Info: attachments//ticket_read.png  used on input line 92.
(pdftex.def)             Requested size: 375.57782pt x 84.8088pt.


LaTeX Warning: `h' float specifier changed to `ht'.

<attachments//ticket_return.png, id=221, 639.38875pt x 191.71625pt>
File: attachments//ticket_return.png Graphic file (type png)
<use attachments//ticket_return.png>
Package pdftex.def Info: attachments//ticket_return.png  used on input line 101
.
(pdftex.def)             Requested size: 375.57782pt x 112.61429pt.

LaTeX Warning: `h' float specifier changed to `ht'.

[19 <./attachments//choose_place.png>]
<attachments//admin_menu.png, id=230, 253.94875pt x 249.93375pt>
File: attachments//admin_menu.png Graphic file (type png)
<use attachments//admin_menu.png>
Package pdftex.def Info: attachments//admin_menu.png  used on input line 118.
(pdftex.def)             Requested size: 234.73524pt x 231.03255pt.


LaTeX Warning: `h' float specifier changed to `ht'.

[20 <./attachments//ticket_read.png> <./attachments//ticket_return.png>]
<attachments//trains_menu.png, id=237, 296.10625pt x 186.6975pt>
File: attachments//trains_menu.png Graphic file (type png)
<use attachments//trains_menu.png>
Package pdftex.def Info: attachments//trains_menu.png  used on input line 129.
(pdftex.def)             Requested size: 328.6279pt x 207.20818pt.
<attachments//create_train.png, id=239, 284.06125pt x 165.61874pt>
File: attachments//create_train.png Graphic file (type png)
<use attachments//create_train.png>
Package pdftex.def Info: attachments//create_train.png  used on input line 138.

(pdftex.def)             Requested size: 375.57782pt x 218.99901pt.


LaTeX Warning: `h' float specifier changed to `ht'.

[21 <./attachments//admin_menu.png> <./attachments//trains_menu.png>]
<attachments//delete_trains.png, id=250, 351.3125pt x 280.04625pt>
File: attachments//delete_trains.png Graphic file (type png)
<use attachments//delete_trains.png>
Package pdftex.def Info: attachments//delete_trains.png  used on input line 156
.
(pdftex.def)             Requested size: 328.6279pt x 261.98291pt.


LaTeX Warning: `h' float specifier changed to `ht'.

<attachments//read_trains.png, id=251, 374.39874pt x 221.82875pt>
File: attachments//read_trains.png Graphic file (type png)
<use attachments//read_trains.png>
Package pdftex.def Info: attachments//read_trains.png  used on input line 163.
(pdftex.def)             Requested size: 328.6279pt x 194.71909pt.

LaTeX Warning: `h' float specifier changed to `ht'.

[22 <./attachments//create_train.png>]
<attachments//create_car.png, id=261, 507.8975pt x 226.8475pt>
File: attachments//create_car.png Graphic file (type png)
<use attachments//create_car.png>
Package pdftex.def Info: attachments//create_car.png  used on input line 176.
(pdftex.def)             Requested size: 328.6279pt x 146.78453pt.


LaTeX Warning: `h' float specifier changed to `ht'.

<attachments//routes_menu.png, id=263, 239.89626pt x 199.74625pt>
File: attachments//routes_menu.png Graphic file (type png)
<use attachments//routes_menu.png>
Package pdftex.def Info: attachments//routes_menu.png  used on input line 187.
(pdftex.def)             Requested size: 234.73524pt x 195.4513pt.
[23 <./attachments//delete_trains.png>] [24 <./attachments//read_trains.png> <.
/attachments//create_car.png> <./attachments//routes_menu.png>]
<attachments//create_route.png, id=275, 501.875pt x 532.99126pt>
File: attachments//create_route.png Graphic file (type png)
<use attachments//create_route.png>
Package pdftex.def Info: attachments//create_route.png  used on input line 198.

(pdftex.def)             Requested size: 234.73524pt x 249.29414pt.
<attachments//delete_route.png, id=277, 1096.095pt x 177.66376pt>
File: attachments//delete_route.png Graphic file (type png)
<use attachments//delete_route.png>
Package pdftex.def Info: attachments//delete_route.png  used on input line 207.

(pdftex.def)             Requested size: 469.47049pt x 76.09572pt.
 [25 <./attachments//create_route.png>]
<attachments//empty_routes.png, id=286, 233.87375pt x 112.42pt>
File: attachments//empty_routes.png Graphic file (type png)
<use attachments//empty_routes.png>
Package pdftex.def Info: attachments//empty_routes.png  used on input line 216.

(pdftex.def)             Requested size: 328.6279pt x 157.9856pt.
<attachments//tma.png, id=288, 250.9375pt x 197.73875pt>
File: attachments//tma.png Graphic file (type png)
<use attachments//tma.png>
Package pdftex.def Info: attachments//tma.png  used on input line 225.
(pdftex.def)             Requested size: 281.68515pt x 221.9939pt.
<attachments//ct1.png, id=291, 1125.20375pt x 241.90375pt>
File: attachments//ct1.png Graphic file (type png)
<use attachments//ct1.png>
Package pdftex.def Info: attachments//ct1.png  used on input line 234.
(pdftex.def)             Requested size: 328.6279pt x 70.64859pt.
 [26 <./attachments//delete_route.png> <./attachments//empty_routes.png> <./att
achments//tma.png>]
<attachments//ct2.png, id=298, 470.75874pt x 467.7475pt>
File: attachments//ct2.png Graphic file (type png)
<use attachments//ct2.png>
Package pdftex.def Info: attachments//ct2.png  used on input line 241.
(pdftex.def)             Requested size: 328.6279pt x 326.52884pt.
 [27 <./attachments//ct1.png> <./attachments//ct2.png>]) (./sections/0A_conclus
ion.tex [28])
(./sections/0B_references.tex [29

]

pdfTeX warning: pdflatex (file ./30-44.pdf): PDF inclusion: found PDF version <
1.7>, but at most version <1.5> allowed
<30-44.pdf, id=316, 597.63278pt x 844.95674pt>
File: 30-44.pdf Graphic file (type pdf)
<use 30-44.pdf>
Package pdftex.def Info: 30-44.pdf  used on input line 13.
(pdftex.def)             Requested size: 597.63132pt x 844.95468pt.


pdfTeX warning: pdflatex (file ./30-44.pdf): PDF inclusion: found PDF version <
1.7>, but at most version <1.5> allowed
File: 30-44.pdf Graphic file (type pdf)
<use 30-44.pdf>
Package pdftex.def Info: 30-44.pdf  used on input line 13.
(pdftex.def)             Requested size: 597.63132pt x 844.95468pt.


pdfTeX warning: pdflatex (file ./30-44.pdf): PDF inclusion: found PDF version <
1.7>, but at most version <1.5> allowed


pdfTeX warning: pdflatex (file ./30-44.pdf): PDF inclusion: found PDF version <
1.7>, but at most version <1.5> allowed
<30-44.pdf, id=319, page=1, 597.63278pt x 844.95674pt>
File: 30-44.pdf Graphic file (type pdf)
<use 30-44.pdf, page 1>
Package pdftex.def Info: 30-44.pdf , page1 used on input line 13.
(pdftex.def)             Requested size: 597.63132pt x 844.95468pt.
File: 30-44.pdf Graphic file (type pdf)
<use 30-44.pdf, page 1>
Package pdftex.def Info: 30-44.pdf , page1 used on input line 13.
(pdftex.def)             Requested size: 598.13286pt x 845.66379pt.
File: 30-44.pdf Graphic file (type pdf)
<use 30-44.pdf, page 1>
Package pdftex.def Info: 30-44.pdf , page1 used on input line 13.
(pdftex.def)             Requested size: 598.13286pt x 845.66379pt.
File: 30-44.pdf Graphic file (type pdf)
<use 30-44.pdf, page 1>
Package pdftex.def Info: 30-44.pdf , page1 used on input line 13.
(pdftex.def)             Requested size: 598.13286pt x 845.66379pt.
File: 30-44.pdf Graphic file (type pdf)
<use 30-44.pdf, page 1>
Package pdftex.def Info: 30-44.pdf , page1 used on input line 13.
(pdftex.def)             Requested size: 598.13286pt x 845.66379pt.
[30 <./30-44.pdf>]) (./sections/0A_listing.tex
File: 30-44.pdf Graphic file (type pdf)
<use 30-44.pdf>
Package pdftex.def Info: 30-44.pdf  used on input line 5.
(pdftex.def)             Requested size: 597.63132pt x 844.95468pt.


pdfTeX warning: pdflatex (file ./30-44.pdf): PDF inclusion: found PDF version <
1.7>, but at most version <1.5> allowed
File: 30-44.pdf Graphic file (type pdf)
<use 30-44.pdf>
Package pdftex.def Info: 30-44.pdf  used on input line 5.
(pdftex.def)             Requested size: 597.63132pt x 844.95468pt.


pdfTeX warning: pdflatex (file ./30-44.pdf): PDF inclusion: found PDF version <
1.7>, but at most version <1.5> allowed


pdfTeX warning: pdflatex (file ./30-44.pdf): PDF inclusion: found PDF version <
1.7>, but at most version <1.5> allowed
<30-44.pdf, id=363, page=2, 597.63278pt x 844.95674pt>
File: 30-44.pdf Graphic file (type pdf)
<use 30-44.pdf, page 2>
Package pdftex.def Info: 30-44.pdf , page2 used on input line 5.
(pdftex.def)             Requested size: 597.63132pt x 844.95468pt.
File: 30-44.pdf Graphic file (type pdf)
<use 30-44.pdf, page 2>
Package pdftex.def Info: 30-44.pdf , page2 used on input line 5.
(pdftex.def)             Requested size: 598.13286pt x 845.66379pt.
File: 30-44.pdf Graphic file (type pdf)
<use 30-44.pdf, page 2>
Package pdftex.def Info: 30-44.pdf , page2 used on input line 5.
(pdftex.def)             Requested size: 598.13286pt x 845.66379pt.
File: 30-44.pdf Graphic file (type pdf)
<use 30-44.pdf, page 2>
Package pdftex.def Info: 30-44.pdf , page2 used on input line 5.
(pdftex.def)             Requested size: 598.13286pt x 845.66379pt.
File: 30-44.pdf Graphic file (type pdf)
<use 30-44.pdf, page 2>
Package pdftex.def Info: 30-44.pdf , page2 used on input line 5.
(pdftex.def)             Requested size: 598.13286pt x 845.66379pt.
[31 <./30-44.pdf>]

pdfTeX warning: pdflatex (file ./30-44.pdf): PDF inclusion: found PDF version <
1.7>, but at most version <1.5> allowed
<30-44.pdf, id=370, page=3, 597.63278pt x 844.95674pt>
File: 30-44.pdf Graphic file (type pdf)
<use 30-44.pdf, page 3>
Package pdftex.def Info: 30-44.pdf , page3 used on input line 5.
(pdftex.def)             Requested size: 598.13286pt x 845.66379pt.
File: 30-44.pdf Graphic file (type pdf)
<use 30-44.pdf, page 3>
Package pdftex.def Info: 30-44.pdf , page3 used on input line 5.
(pdftex.def)             Requested size: 598.13286pt x 845.66379pt.
File: 30-44.pdf Graphic file (type pdf)
<use 30-44.pdf, page 3>
Package pdftex.def Info: 30-44.pdf , page3 used on input line 5.
(pdftex.def)             Requested size: 598.13286pt x 845.66379pt.
[32 <./30-44.pdf>]

pdfTeX warning: pdflatex (file ./30-44.pdf): PDF inclusion: found PDF version <
1.7>, but at most version <1.5> allowed
<30-44.pdf, id=376, page=4, 597.63278pt x 844.95674pt>
File: 30-44.pdf Graphic file (type pdf)
<use 30-44.pdf, page 4>
Package pdftex.def Info: 30-44.pdf , page4 used on input line 5.
(pdftex.def)             Requested size: 598.13286pt x 845.66379pt.
File: 30-44.pdf Graphic file (type pdf)
<use 30-44.pdf, page 4>
Package pdftex.def Info: 30-44.pdf , page4 used on input line 5.
(pdftex.def)             Requested size: 598.13286pt x 845.66379pt.
File: 30-44.pdf Graphic file (type pdf)
<use 30-44.pdf, page 4>
Package pdftex.def Info: 30-44.pdf , page4 used on input line 5.
(pdftex.def)             Requested size: 598.13286pt x 845.66379pt.
[33 <./30-44.pdf>]

pdfTeX warning: pdflatex (file ./30-44.pdf): PDF inclusion: found PDF version <
1.7>, but at most version <1.5> allowed
<30-44.pdf, id=382, page=5, 597.63278pt x 844.95674pt>
File: 30-44.pdf Graphic file (type pdf)
<use 30-44.pdf, page 5>
Package pdftex.def Info: 30-44.pdf , page5 used on input line 5.
(pdftex.def)             Requested size: 598.13286pt x 845.66379pt.
File: 30-44.pdf Graphic file (type pdf)
<use 30-44.pdf, page 5>
Package pdftex.def Info: 30-44.pdf , page5 used on input line 5.
(pdftex.def)             Requested size: 598.13286pt x 845.66379pt.
File: 30-44.pdf Graphic file (type pdf)
<use 30-44.pdf, page 5>
Package pdftex.def Info: 30-44.pdf , page5 used on input line 5.
(pdftex.def)             Requested size: 598.13286pt x 845.66379pt.
[34 <./30-44.pdf>]

pdfTeX warning: pdflatex (file ./30-44.pdf): PDF inclusion: found PDF version <
1.7>, but at most version <1.5> allowed
<30-44.pdf, id=388, page=6, 597.63278pt x 844.95674pt>
File: 30-44.pdf Graphic file (type pdf)
<use 30-44.pdf, page 6>
Package pdftex.def Info: 30-44.pdf , page6 used on input line 5.
(pdftex.def)             Requested size: 598.13286pt x 845.66379pt.
File: 30-44.pdf Graphic file (type pdf)
<use 30-44.pdf, page 6>
Package pdftex.def Info: 30-44.pdf , page6 used on input line 5.
(pdftex.def)             Requested size: 598.13286pt x 845.66379pt.
File: 30-44.pdf Graphic file (type pdf)
<use 30-44.pdf, page 6>
Package pdftex.def Info: 30-44.pdf , page6 used on input line 5.
(pdftex.def)             Requested size: 598.13286pt x 845.66379pt.
[35 <./30-44.pdf>]

pdfTeX warning: pdflatex (file ./30-44.pdf): PDF inclusion: found PDF version <
1.7>, but at most version <1.5> allowed
<30-44.pdf, id=394, page=7, 597.63278pt x 844.95674pt>
File: 30-44.pdf Graphic file (type pdf)
<use 30-44.pdf, page 7>
Package pdftex.def Info: 30-44.pdf , page7 used on input line 5.
(pdftex.def)             Requested size: 598.13286pt x 845.66379pt.
File: 30-44.pdf Graphic file (type pdf)
<use 30-44.pdf, page 7>
Package pdftex.def Info: 30-44.pdf , page7 used on input line 5.
(pdftex.def)             Requested size: 598.13286pt x 845.66379pt.
File: 30-44.pdf Graphic file (type pdf)
<use 30-44.pdf, page 7>
Package pdftex.def Info: 30-44.pdf , page7 used on input line 5.
(pdftex.def)             Requested size: 598.13286pt x 845.66379pt.
[36 <./30-44.pdf>]

pdfTeX warning: pdflatex (file ./30-44.pdf): PDF inclusion: found PDF version <
1.7>, but at most version <1.5> allowed
<30-44.pdf, id=400, page=8, 597.63278pt x 844.95674pt>
File: 30-44.pdf Graphic file (type pdf)
<use 30-44.pdf, page 8>
Package pdftex.def Info: 30-44.pdf , page8 used on input line 5.
(pdftex.def)             Requested size: 598.13286pt x 845.66379pt.
File: 30-44.pdf Graphic file (type pdf)
<use 30-44.pdf, page 8>
Package pdftex.def Info: 30-44.pdf , page8 used on input line 5.
(pdftex.def)             Requested size: 598.13286pt x 845.66379pt.
File: 30-44.pdf Graphic file (type pdf)
<use 30-44.pdf, page 8>
Package pdftex.def Info: 30-44.pdf , page8 used on input line 5.
(pdftex.def)             Requested size: 598.13286pt x 845.66379pt.
[37 <./30-44.pdf>]

pdfTeX warning: pdflatex (file ./30-44.pdf): PDF inclusion: found PDF version <
1.7>, but at most version <1.5> allowed
<30-44.pdf, id=407, page=9, 597.63278pt x 844.95674pt>
File: 30-44.pdf Graphic file (type pdf)
<use 30-44.pdf, page 9>
Package pdftex.def Info: 30-44.pdf , page9 used on input line 5.
(pdftex.def)             Requested size: 598.13286pt x 845.66379pt.
File: 30-44.pdf Graphic file (type pdf)
<use 30-44.pdf, page 9>
Package pdftex.def Info: 30-44.pdf , page9 used on input line 5.
(pdftex.def)             Requested size: 598.13286pt x 845.66379pt.
File: 30-44.pdf Graphic file (type pdf)
<use 30-44.pdf, page 9>
Package pdftex.def Info: 30-44.pdf , page9 used on input line 5.
(pdftex.def)             Requested size: 598.13286pt x 845.66379pt.
[38 <./30-44.pdf>]

pdfTeX warning: pdflatex (file ./30-44.pdf): PDF inclusion: found PDF version <
1.7>, but at most version <1.5> allowed
<30-44.pdf, id=413, page=10, 597.63278pt x 844.95674pt>
File: 30-44.pdf Graphic file (type pdf)
<use 30-44.pdf, page 10>
Package pdftex.def Info: 30-44.pdf , page10 used on input line 5.
(pdftex.def)             Requested size: 598.13286pt x 845.66379pt.
File: 30-44.pdf Graphic file (type pdf)
<use 30-44.pdf, page 10>
Package pdftex.def Info: 30-44.pdf , page10 used on input line 5.
(pdftex.def)             Requested size: 598.13286pt x 845.66379pt.
File: 30-44.pdf Graphic file (type pdf)
<use 30-44.pdf, page 10>
Package pdftex.def Info: 30-44.pdf , page10 used on input line 5.
(pdftex.def)             Requested size: 598.13286pt x 845.66379pt.
[39 <./30-44.pdf>]

pdfTeX warning: pdflatex (file ./30-44.pdf): PDF inclusion: found PDF version <
1.7>, but at most version <1.5> allowed
<30-44.pdf, id=419, page=11, 597.63278pt x 844.95674pt>
File: 30-44.pdf Graphic file (type pdf)
<use 30-44.pdf, page 11>
Package pdftex.def Info: 30-44.pdf , page11 used on input line 5.
(pdftex.def)             Requested size: 598.13286pt x 845.66379pt.
File: 30-44.pdf Graphic file (type pdf)
<use 30-44.pdf, page 11>
Package pdftex.def Info: 30-44.pdf , page11 used on input line 5.
(pdftex.def)             Requested size: 598.13286pt x 845.66379pt.
File: 30-44.pdf Graphic file (type pdf)
<use 30-44.pdf, page 11>
Package pdftex.def Info: 30-44.pdf , page11 used on input line 5.
(pdftex.def)             Requested size: 598.13286pt x 845.66379pt.
[40 <./30-44.pdf>]

pdfTeX warning: pdflatex (file ./30-44.pdf): PDF inclusion: found PDF version <
1.7>, but at most version <1.5> allowed
<30-44.pdf, id=425, page=12, 597.63278pt x 844.95674pt>
File: 30-44.pdf Graphic file (type pdf)
<use 30-44.pdf, page 12>
Package pdftex.def Info: 30-44.pdf , page12 used on input line 5.
(pdftex.def)             Requested size: 598.13286pt x 845.66379pt.
File: 30-44.pdf Graphic file (type pdf)
<use 30-44.pdf, page 12>
Package pdftex.def Info: 30-44.pdf , page12 used on input line 5.
(pdftex.def)             Requested size: 598.13286pt x 845.66379pt.
File: 30-44.pdf Graphic file (type pdf)
<use 30-44.pdf, page 12>
Package pdftex.def Info: 30-44.pdf , page12 used on input line 5.
(pdftex.def)             Requested size: 598.13286pt x 845.66379pt.
[41 <./30-44.pdf>]

pdfTeX warning: pdflatex (file ./30-44.pdf): PDF inclusion: found PDF version <
1.7>, but at most version <1.5> allowed
<30-44.pdf, id=431, page=13, 597.63278pt x 844.95674pt>
File: 30-44.pdf Graphic file (type pdf)
<use 30-44.pdf, page 13>
Package pdftex.def Info: 30-44.pdf , page13 used on input line 5.
(pdftex.def)             Requested size: 598.13286pt x 845.66379pt.
File: 30-44.pdf Graphic file (type pdf)
<use 30-44.pdf, page 13>
Package pdftex.def Info: 30-44.pdf , page13 used on input line 5.
(pdftex.def)             Requested size: 598.13286pt x 845.66379pt.
File: 30-44.pdf Graphic file (type pdf)
<use 30-44.pdf, page 13>
Package pdftex.def Info: 30-44.pdf , page13 used on input line 5.
(pdftex.def)             Requested size: 598.13286pt x 845.66379pt.
[42 <./30-44.pdf>]

pdfTeX warning: pdflatex (file ./30-44.pdf): PDF inclusion: found PDF version <
1.7>, but at most version <1.5> allowed
<30-44.pdf, id=437, page=14, 597.63278pt x 844.95674pt>
File: 30-44.pdf Graphic file (type pdf)
<use 30-44.pdf, page 14>
Package pdftex.def Info: 30-44.pdf , page14 used on input line 5.
(pdftex.def)             Requested size: 598.13286pt x 845.66379pt.
File: 30-44.pdf Graphic file (type pdf)
<use 30-44.pdf, page 14>
Package pdftex.def Info: 30-44.pdf , page14 used on input line 5.
(pdftex.def)             Requested size: 598.13286pt x 845.66379pt.
File: 30-44.pdf Graphic file (type pdf)
<use 30-44.pdf, page 14>
Package pdftex.def Info: 30-44.pdf , page14 used on input line 5.
(pdftex.def)             Requested size: 598.13286pt x 845.66379pt.
[43 <./30-44.pdf>]) (./sections/0B_sceheme.tex
File: 30-44.pdf Graphic file (type pdf)
<use 30-44.pdf>
Package pdftex.def Info: 30-44.pdf  used on input line 5.
(pdftex.def)             Requested size: 597.63132pt x 844.95468pt.


pdfTeX warning: pdflatex (file ./30-44.pdf): PDF inclusion: found PDF version <
1.7>, but at most version <1.5> allowed
File: 30-44.pdf Graphic file (type pdf)
<use 30-44.pdf>
Package pdftex.def Info: 30-44.pdf  used on input line 5.
(pdftex.def)             Requested size: 597.63132pt x 844.95468pt.


pdfTeX warning: pdflatex (file ./30-44.pdf): PDF inclusion: found PDF version <
1.7>, but at most version <1.5> allowed


pdfTeX warning: pdflatex (file ./30-44.pdf): PDF inclusion: found PDF version <
1.7>, but at most version <1.5> allowed
<30-44.pdf, id=446, page=15, 597.63278pt x 844.95674pt>
File: 30-44.pdf Graphic file (type pdf)
<use 30-44.pdf, page 15>
Package pdftex.def Info: 30-44.pdf , page15 used on input line 5.
(pdftex.def)             Requested size: 597.63132pt x 844.95468pt.
File: 30-44.pdf Graphic file (type pdf)
<use 30-44.pdf, page 15>
Package pdftex.def Info: 30-44.pdf , page15 used on input line 5.
(pdftex.def)             Requested size: 598.13286pt x 845.66379pt.
File: 30-44.pdf Graphic file (type pdf)
<use 30-44.pdf, page 15>
Package pdftex.def Info: 30-44.pdf , page15 used on input line 5.
(pdftex.def)             Requested size: 598.13286pt x 845.66379pt.
File: 30-44.pdf Graphic file (type pdf)
<use 30-44.pdf, page 15>
Package pdftex.def Info: 30-44.pdf , page15 used on input line 5.
(pdftex.def)             Requested size: 598.13286pt x 845.66379pt.
File: 30-44.pdf Graphic file (type pdf)
<use 30-44.pdf, page 15>
Package pdftex.def Info: 30-44.pdf , page15 used on input line 5.
(pdftex.def)             Requested size: 598.13286pt x 845.66379pt.
[44 <./30-44.pdf>]

pdfTeX warning: pdflatex (file ./end.pdf): PDF inclusion: found PDF version <1.
7>, but at most version <1.5> allowed
<end.pdf, id=453, 597.63278pt x 844.95674pt>
File: end.pdf Graphic file (type pdf)
<use end.pdf>
Package pdftex.def Info: end.pdf  used on input line 6.
(pdftex.def)             Requested size: 597.63132pt x 844.95468pt.


pdfTeX warning: pdflatex (file ./end.pdf): PDF inclusion: found PDF version <1.
7>, but at most version <1.5> allowed
File: end.pdf Graphic file (type pdf)
<use end.pdf>
Package pdftex.def Info: end.pdf  used on input line 6.
(pdftex.def)             Requested size: 597.63132pt x 844.95468pt.


pdfTeX warning: pdflatex (file ./end.pdf): PDF inclusion: found PDF version <1.
7>, but at most version <1.5> allowed


pdfTeX warning: pdflatex (file ./end.pdf): PDF inclusion: found PDF version <1.
7>, but at most version <1.5> allowed
<end.pdf, id=456, page=1, 597.63278pt x 844.95674pt>
File: end.pdf Graphic file (type pdf)
<use end.pdf, page 1>
Package pdftex.def Info: end.pdf , page1 used on input line 6.
(pdftex.def)             Requested size: 597.63132pt x 844.95468pt.
File: end.pdf Graphic file (type pdf)
<use end.pdf, page 1>
Package pdftex.def Info: end.pdf , page1 used on input line 6.
(pdftex.def)             Requested size: 598.13286pt x 845.66379pt.
File: end.pdf Graphic file (type pdf)
<use end.pdf, page 1>
Package pdftex.def Info: end.pdf , page1 used on input line 6.
(pdftex.def)             Requested size: 598.13286pt x 845.66379pt.
File: end.pdf Graphic file (type pdf)
<use end.pdf, page 1>
Package pdftex.def Info: end.pdf , page1 used on input line 6.
(pdftex.def)             Requested size: 598.13286pt x 845.66379pt.
File: end.pdf Graphic file (type pdf)
<use end.pdf, page 1>
Package pdftex.def Info: end.pdf , page1 used on input line 6.
(pdftex.def)             Requested size: 598.13286pt x 845.66379pt.
[45 <./end.pdf>]) (./sections/aaaa.tex
File: end.pdf Graphic file (type pdf)
<use end.pdf>
Package pdftex.def Info: end.pdf  used on input line 5.
(pdftex.def)             Requested size: 597.63132pt x 844.95468pt.


pdfTeX warning: pdflatex (file ./end.pdf): PDF inclusion: found PDF version <1.
7>, but at most version <1.5> allowed
File: end.pdf Graphic file (type pdf)
<use end.pdf>
Package pdftex.def Info: end.pdf  used on input line 5.
(pdftex.def)             Requested size: 597.63132pt x 844.95468pt.


pdfTeX warning: pdflatex (file ./end.pdf): PDF inclusion: found PDF version <1.
7>, but at most version <1.5> allowed


pdfTeX warning: pdflatex (file ./end.pdf): PDF inclusion: found PDF version <1.
7>, but at most version <1.5> allowed
<end.pdf, id=529, page=2, 597.63278pt x 844.95674pt>
File: end.pdf Graphic file (type pdf)
<use end.pdf, page 2>
Package pdftex.def Info: end.pdf , page2 used on input line 5.
(pdftex.def)             Requested size: 597.63132pt x 844.95468pt.
File: end.pdf Graphic file (type pdf)
<use end.pdf, page 2>
Package pdftex.def Info: end.pdf , page2 used on input line 5.
(pdftex.def)             Requested size: 598.13286pt x 845.66379pt.
File: end.pdf Graphic file (type pdf)
<use end.pdf, page 2>
Package pdftex.def Info: end.pdf , page2 used on input line 5.
(pdftex.def)             Requested size: 598.13286pt x 845.66379pt.
File: end.pdf Graphic file (type pdf)
<use end.pdf, page 2>
Package pdftex.def Info: end.pdf , page2 used on input line 5.
(pdftex.def)             Requested size: 598.13286pt x 845.66379pt.
File: end.pdf Graphic file (type pdf)
<use end.pdf, page 2>
Package pdftex.def Info: end.pdf , page2 used on input line 5.
(pdftex.def)             Requested size: 598.13286pt x 845.66379pt.
[46 <./end.pdf>])

Package caption Warning: Unused \captionsetup[subfigure] on input line 234.
See the caption package documentation for explanation.


Package caption Warning: Unused \captionsetup[table] on input line 236.
See the caption package documentation for explanation.


Package caption Warning: Unused \captionsetup[lstlisting] on input line 237.
See the caption package documentation for explanation.


AED: lastpage setting LastPage
(./note.aux)
Package rerunfilecheck Info: File `note.out' has not changed.
(rerunfilecheck)             Checksum: E2B32C761E9E581C15A811293A70ADC6;4997.
 ) 
Here is how much of TeX's memory you used:
 34825 strings out of 477411
 631273 string characters out of 5829891
 1871330 words of memory out of 5000000
 53755 multiletter control sequences out of 15000+600000
 617266 words of font info for 337 fonts, out of 8000000 for 9000
 497 hyphenation exceptions out of 8191
 89i,17n,83p,1327b,599s stack positions out of 10000i,1000n,20000p,200000b,200000s

pdfTeX warning (dest): name{section*.32} has been referenced but does not exist
, replaced by a fixed one


pdfTeX warning (dest): name{section*.1} has been referenced but does not exist,
 replaced by a fixed one

{/usr/share/texmf/fonts/enc/dvips/scalable-cyrfonts-tex/6r.enc}</usr/share/texm
f/fonts/type1/public/scalable-cyrfonts-tex/ftmb6w.pfb></usr/share/texmf/fonts/t
ype1/public/scalable-cyrfonts-tex/ftmr6w.pfb></usr/share/texmf/fonts/type1/publ
ic/scalable-cyrfonts-tex/ftmri6w.pfb>
Output written on note.pdf (46 pages, 1515807 bytes).
PDF statistics:
 590 PDF objects out of 1000 (max. 8388607)
 410 compressed objects within 5 object streams
 95 named destinations out of 1000 (max. 500000)
 61884 words of extra memory for PDF output out of 61914 (max. 10000000)

